mode: atomic
github.com/MamangRust/monolith-payment-gateway-pkg/auth/mocks/token.go:31.69,35.2 3 0
github.com/MamangRust/monolith-payment-gateway-pkg/auth/mocks/token.go:38.67,40.2 1 0
github.com/MamangRust/monolith-payment-gateway-pkg/auth/mocks/token.go:43.87,49.2 5 0
github.com/MamangRust/monolith-payment-gateway-pkg/auth/mocks/token.go:52.90,55.2 2 0
github.com/MamangRust/monolith-payment-gateway-pkg/auth/mocks/token.go:58.78,64.2 5 0
github.com/MamangRust/monolith-payment-gateway-pkg/auth/mocks/token.go:67.85,70.2 2 0
github.com/MamangRust/monolith-payment-gateway-pkg/database/connect.go:35.64,39.18 3 0
github.com/MamangRust/monolith-payment-gateway-pkg/database/connect.go:40.18,47.4 1 0
github.com/MamangRust/monolith-payment-gateway-pkg/database/connect.go:48.15,55.4 1 0
github.com/MamangRust/monolith-payment-gateway-pkg/database/connect.go:56.10,58.70 2 0
github.com/MamangRust/monolith-payment-gateway-pkg/database/connect.go:61.2,63.16 2 0
github.com/MamangRust/monolith-payment-gateway-pkg/database/connect.go:63.16,66.3 2 0
github.com/MamangRust/monolith-payment-gateway-pkg/database/connect.go:68.2,68.35 1 0
github.com/MamangRust/monolith-payment-gateway-pkg/database/connect.go:68.35,71.3 2 0
github.com/MamangRust/monolith-payment-gateway-pkg/database/connect.go:73.2,74.23 2 0
github.com/MamangRust/monolith-payment-gateway-pkg/database/connect.go:74.23,76.3 1 0
github.com/MamangRust/monolith-payment-gateway-pkg/database/connect.go:77.2,80.23 3 0
github.com/MamangRust/monolith-payment-gateway-pkg/database/connect.go:80.23,82.3 1 0
github.com/MamangRust/monolith-payment-gateway-pkg/database/connect.go:83.2,86.26 3 0
github.com/MamangRust/monolith-payment-gateway-pkg/database/connect.go:86.26,88.3 1 0
github.com/MamangRust/monolith-payment-gateway-pkg/database/connect.go:89.2,97.17 3 0
github.com/MamangRust/monolith-payment-gateway-pkg/api-key/apikey.go:10.39,13.16 3 1
github.com/MamangRust/monolith-payment-gateway-pkg/api-key/apikey.go:13.16,15.3 1 0
github.com/MamangRust/monolith-payment-gateway-pkg/api-key/apikey.go:16.2,16.37 1 1
github.com/MamangRust/monolith-payment-gateway-pkg/auth/token.go:29.53,30.21 1 4
github.com/MamangRust/monolith-payment-gateway-pkg/auth/token.go:30.21,32.3 1 0
github.com/MamangRust/monolith-payment-gateway-pkg/auth/token.go:33.2,33.52 1 4
github.com/MamangRust/monolith-payment-gateway-pkg/auth/token.go:44.78,55.2 4 2
github.com/MamangRust/monolith-payment-gateway-pkg/auth/token.go:61.69,62.89 1 3
github.com/MamangRust/monolith-payment-gateway-pkg/auth/token.go:62.89,63.58 1 2
github.com/MamangRust/monolith-payment-gateway-pkg/auth/token.go:63.58,65.4 1 0
github.com/MamangRust/monolith-payment-gateway-pkg/auth/token.go:67.3,67.34 1 2
github.com/MamangRust/monolith-payment-gateway-pkg/auth/token.go:70.2,70.16 1 3
github.com/MamangRust/monolith-payment-gateway-pkg/auth/token.go:70.16,71.42 1 2
github.com/MamangRust/monolith-payment-gateway-pkg/auth/token.go:71.42,73.4 1 1
github.com/MamangRust/monolith-payment-gateway-pkg/auth/token.go:74.3,74.58 1 1
github.com/MamangRust/monolith-payment-gateway-pkg/auth/token.go:77.2,78.9 2 1
github.com/MamangRust/monolith-payment-gateway-pkg/auth/token.go:78.9,80.3 1 0
github.com/MamangRust/monolith-payment-gateway-pkg/auth/token.go:82.2,82.36 1 1
github.com/MamangRust/monolith-payment-gateway-pkg/database/schema/card.sql.go:62.88,85.2 4 0
github.com/MamangRust/monolith-payment-gateway-pkg/database/schema/card.sql.go:99.70,102.2 2 0
github.com/MamangRust/monolith-payment-gateway-pkg/database/schema/card.sql.go:117.82,120.2 2 0
github.com/MamangRust/monolith-payment-gateway-pkg/database/schema/card.sql.go:170.138,172.16 2 0
github.com/MamangRust/monolith-payment-gateway-pkg/database/schema/card.sql.go:172.16,174.3 1 0
github.com/MamangRust/monolith-payment-gateway-pkg/database/schema/card.sql.go:175.2,177.18 3 0
github.com/MamangRust/monolith-payment-gateway-pkg/database/schema/card.sql.go:177.18,191.17 2 0
github.com/MamangRust/monolith-payment-gateway-pkg/database/schema/card.sql.go:191.17,193.4 1 0
github.com/MamangRust/monolith-payment-gateway-pkg/database/schema/card.sql.go:194.3,194.28 1 0
github.com/MamangRust/monolith-payment-gateway-pkg/database/schema/card.sql.go:196.2,196.37 1 0
github.com/MamangRust/monolith-payment-gateway-pkg/database/schema/card.sql.go:196.37,198.3 1 0
github.com/MamangRust/monolith-payment-gateway-pkg/database/schema/card.sql.go:199.2,199.35 1 0
github.com/MamangRust/monolith-payment-gateway-pkg/database/schema/card.sql.go:199.35,201.3 1 0
github.com/MamangRust/monolith-payment-gateway-pkg/database/schema/card.sql.go:202.2,202.19 1 0
github.com/MamangRust/monolith-payment-gateway-pkg/database/schema/card.sql.go:223.94,239.2 4 0
github.com/MamangRust/monolith-payment-gateway-pkg/database/schema/card.sql.go:258.81,274.2 4 0
github.com/MamangRust/monolith-payment-gateway-pkg/database/schema/card.sql.go:299.85,315.2 4 0
github.com/MamangRust/monolith-payment-gateway-pkg/database/schema/card.sql.go:365.93,367.16 2 0
github.com/MamangRust/monolith-payment-gateway-pkg/database/schema/card.sql.go:367.16,369.3 1 0
github.com/MamangRust/monolith-payment-gateway-pkg/database/schema/card.sql.go:370.2,372.18 3 0
github.com/MamangRust/monolith-payment-gateway-pkg/database/schema/card.sql.go:372.18,386.17 2 0
github.com/MamangRust/monolith-payment-gateway-pkg/database/schema/card.sql.go:386.17,388.4 1 0
github.com/MamangRust/monolith-payment-gateway-pkg/database/schema/card.sql.go:389.3,389.28 1 0
github.com/MamangRust/monolith-payment-gateway-pkg/database/schema/card.sql.go:391.2,391.37 1 0
github.com/MamangRust/monolith-payment-gateway-pkg/database/schema/card.sql.go:391.37,393.3 1 0
github.com/MamangRust/monolith-payment-gateway-pkg/database/schema/card.sql.go:394.2,394.35 1 0
github.com/MamangRust/monolith-payment-gateway-pkg/database/schema/card.sql.go:394.35,396.3 1 0
github.com/MamangRust/monolith-payment-gateway-pkg/database/schema/card.sql.go:397.2,397.19 1 0
github.com/MamangRust/monolith-payment-gateway-pkg/database/schema/card.sql.go:448.113,450.16 2 0
github.com/MamangRust/monolith-payment-gateway-pkg/database/schema/card.sql.go:450.16,452.3 1 0
github.com/MamangRust/monolith-payment-gateway-pkg/database/schema/card.sql.go:453.2,455.18 3 0
github.com/MamangRust/monolith-payment-gateway-pkg/database/schema/card.sql.go:455.18,457.62 2 0
github.com/MamangRust/monolith-payment-gateway-pkg/database/schema/card.sql.go:457.62,459.4 1 0
github.com/MamangRust/monolith-payment-gateway-pkg/database/schema/card.sql.go:460.3,460.28 1 0
github.com/MamangRust/monolith-payment-gateway-pkg/database/schema/card.sql.go:462.2,462.37 1 0
github.com/MamangRust/monolith-payment-gateway-pkg/database/schema/card.sql.go:462.37,464.3 1 0
github.com/MamangRust/monolith-payment-gateway-pkg/database/schema/card.sql.go:465.2,465.35 1 0
github.com/MamangRust/monolith-payment-gateway-pkg/database/schema/card.sql.go:465.35,467.3 1 0
github.com/MamangRust/monolith-payment-gateway-pkg/database/schema/card.sql.go:468.2,468.19 1 0
github.com/MamangRust/monolith-payment-gateway-pkg/database/schema/card.sql.go:526.159,528.16 2 0
github.com/MamangRust/monolith-payment-gateway-pkg/database/schema/card.sql.go:528.16,530.3 1 0
github.com/MamangRust/monolith-payment-gateway-pkg/database/schema/card.sql.go:531.2,533.18 3 0
github.com/MamangRust/monolith-payment-gateway-pkg/database/schema/card.sql.go:533.18,535.62 2 0
github.com/MamangRust/monolith-payment-gateway-pkg/database/schema/card.sql.go:535.62,537.4 1 0
github.com/MamangRust/monolith-payment-gateway-pkg/database/schema/card.sql.go:538.3,538.28 1 0
github.com/MamangRust/monolith-payment-gateway-pkg/database/schema/card.sql.go:540.2,540.37 1 0
github.com/MamangRust/monolith-payment-gateway-pkg/database/schema/card.sql.go:540.37,542.3 1 0
github.com/MamangRust/monolith-payment-gateway-pkg/database/schema/card.sql.go:543.2,543.35 1 0
github.com/MamangRust/monolith-payment-gateway-pkg/database/schema/card.sql.go:543.35,545.3 1 0
github.com/MamangRust/monolith-payment-gateway-pkg/database/schema/card.sql.go:546.2,546.19 1 0
github.com/MamangRust/monolith-payment-gateway-pkg/database/schema/card.sql.go:597.119,599.16 2 0
github.com/MamangRust/monolith-payment-gateway-pkg/database/schema/card.sql.go:599.16,601.3 1 0
github.com/MamangRust/monolith-payment-gateway-pkg/database/schema/card.sql.go:602.2,604.18 3 0
github.com/MamangRust/monolith-payment-gateway-pkg/database/schema/card.sql.go:604.18,606.66 2 0
github.com/MamangRust/monolith-payment-gateway-pkg/database/schema/card.sql.go:606.66,608.4 1 0
github.com/MamangRust/monolith-payment-gateway-pkg/database/schema/card.sql.go:609.3,609.28 1 0
github.com/MamangRust/monolith-payment-gateway-pkg/database/schema/card.sql.go:611.2,611.37 1 0
github.com/MamangRust/monolith-payment-gateway-pkg/database/schema/card.sql.go:611.37,613.3 1 0
github.com/MamangRust/monolith-payment-gateway-pkg/database/schema/card.sql.go:614.2,614.35 1 0
github.com/MamangRust/monolith-payment-gateway-pkg/database/schema/card.sql.go:614.35,616.3 1 0
github.com/MamangRust/monolith-payment-gateway-pkg/database/schema/card.sql.go:617.2,617.19 1 0
github.com/MamangRust/monolith-payment-gateway-pkg/database/schema/card.sql.go:675.168,677.16 2 0
github.com/MamangRust/monolith-payment-gateway-pkg/database/schema/card.sql.go:677.16,679.3 1 0
github.com/MamangRust/monolith-payment-gateway-pkg/database/schema/card.sql.go:680.2,682.18 3 0
github.com/MamangRust/monolith-payment-gateway-pkg/database/schema/card.sql.go:682.18,684.66 2 0
github.com/MamangRust/monolith-payment-gateway-pkg/database/schema/card.sql.go:684.66,686.4 1 0
github.com/MamangRust/monolith-payment-gateway-pkg/database/schema/card.sql.go:687.3,687.28 1 0
github.com/MamangRust/monolith-payment-gateway-pkg/database/schema/card.sql.go:689.2,689.37 1 0
github.com/MamangRust/monolith-payment-gateway-pkg/database/schema/card.sql.go:689.37,691.3 1 0
github.com/MamangRust/monolith-payment-gateway-pkg/database/schema/card.sql.go:692.2,692.35 1 0
github.com/MamangRust/monolith-payment-gateway-pkg/database/schema/card.sql.go:692.35,694.3 1 0
github.com/MamangRust/monolith-payment-gateway-pkg/database/schema/card.sql.go:695.2,695.19 1 0
github.com/MamangRust/monolith-payment-gateway-pkg/database/schema/card.sql.go:746.131,748.16 2 0
github.com/MamangRust/monolith-payment-gateway-pkg/database/schema/card.sql.go:748.16,750.3 1 0
github.com/MamangRust/monolith-payment-gateway-pkg/database/schema/card.sql.go:751.2,753.18 3 0
github.com/MamangRust/monolith-payment-gateway-pkg/database/schema/card.sql.go:753.18,755.72 2 0
github.com/MamangRust/monolith-payment-gateway-pkg/database/schema/card.sql.go:755.72,757.4 1 0
github.com/MamangRust/monolith-payment-gateway-pkg/database/schema/card.sql.go:758.3,758.28 1 0
github.com/MamangRust/monolith-payment-gateway-pkg/database/schema/card.sql.go:760.2,760.37 1 0
github.com/MamangRust/monolith-payment-gateway-pkg/database/schema/card.sql.go:760.37,762.3 1 0
github.com/MamangRust/monolith-payment-gateway-pkg/database/schema/card.sql.go:763.2,763.35 1 0
github.com/MamangRust/monolith-payment-gateway-pkg/database/schema/card.sql.go:763.35,765.3 1 0
github.com/MamangRust/monolith-payment-gateway-pkg/database/schema/card.sql.go:766.2,766.19 1 0
github.com/MamangRust/monolith-payment-gateway-pkg/database/schema/card.sql.go:824.186,826.16 2 0
github.com/MamangRust/monolith-payment-gateway-pkg/database/schema/card.sql.go:826.16,828.3 1 0
github.com/MamangRust/monolith-payment-gateway-pkg/database/schema/card.sql.go:829.2,831.18 3 0
github.com/MamangRust/monolith-payment-gateway-pkg/database/schema/card.sql.go:831.18,833.72 2 0
github.com/MamangRust/monolith-payment-gateway-pkg/database/schema/card.sql.go:833.72,835.4 1 0
github.com/MamangRust/monolith-payment-gateway-pkg/database/schema/card.sql.go:836.3,836.28 1 0
github.com/MamangRust/monolith-payment-gateway-pkg/database/schema/card.sql.go:838.2,838.37 1 0
github.com/MamangRust/monolith-payment-gateway-pkg/database/schema/card.sql.go:838.37,840.3 1 0
github.com/MamangRust/monolith-payment-gateway-pkg/database/schema/card.sql.go:841.2,841.35 1 0
github.com/MamangRust/monolith-payment-gateway-pkg/database/schema/card.sql.go:841.35,843.3 1 0
github.com/MamangRust/monolith-payment-gateway-pkg/database/schema/card.sql.go:844.2,844.19 1 0
github.com/MamangRust/monolith-payment-gateway-pkg/database/schema/card.sql.go:899.171,901.16 2 0
github.com/MamangRust/monolith-payment-gateway-pkg/database/schema/card.sql.go:901.16,903.3 1 0
github.com/MamangRust/monolith-payment-gateway-pkg/database/schema/card.sql.go:904.2,906.18 3 0
github.com/MamangRust/monolith-payment-gateway-pkg/database/schema/card.sql.go:906.18,908.69 2 0
github.com/MamangRust/monolith-payment-gateway-pkg/database/schema/card.sql.go:908.69,910.4 1 0
github.com/MamangRust/monolith-payment-gateway-pkg/database/schema/card.sql.go:911.3,911.28 1 0
github.com/MamangRust/monolith-payment-gateway-pkg/database/schema/card.sql.go:913.2,913.37 1 0
github.com/MamangRust/monolith-payment-gateway-pkg/database/schema/card.sql.go:913.37,915.3 1 0
github.com/MamangRust/monolith-payment-gateway-pkg/database/schema/card.sql.go:916.2,916.35 1 0
github.com/MamangRust/monolith-payment-gateway-pkg/database/schema/card.sql.go:916.35,918.3 1 0
github.com/MamangRust/monolith-payment-gateway-pkg/database/schema/card.sql.go:919.2,919.19 1 0
github.com/MamangRust/monolith-payment-gateway-pkg/database/schema/card.sql.go:974.165,976.16 2 0
github.com/MamangRust/monolith-payment-gateway-pkg/database/schema/card.sql.go:976.16,978.3 1 0
github.com/MamangRust/monolith-payment-gateway-pkg/database/schema/card.sql.go:979.2,981.18 3 0
github.com/MamangRust/monolith-payment-gateway-pkg/database/schema/card.sql.go:981.18,983.65 2 0
github.com/MamangRust/monolith-payment-gateway-pkg/database/schema/card.sql.go:983.65,985.4 1 0
github.com/MamangRust/monolith-payment-gateway-pkg/database/schema/card.sql.go:986.3,986.28 1 0
github.com/MamangRust/monolith-payment-gateway-pkg/database/schema/card.sql.go:988.2,988.37 1 0
github.com/MamangRust/monolith-payment-gateway-pkg/database/schema/card.sql.go:988.37,990.3 1 0
github.com/MamangRust/monolith-payment-gateway-pkg/database/schema/card.sql.go:991.2,991.35 1 0
github.com/MamangRust/monolith-payment-gateway-pkg/database/schema/card.sql.go:991.35,993.3 1 0
github.com/MamangRust/monolith-payment-gateway-pkg/database/schema/card.sql.go:994.2,994.19 1 0
github.com/MamangRust/monolith-payment-gateway-pkg/database/schema/card.sql.go:1042.141,1044.16 2 0
github.com/MamangRust/monolith-payment-gateway-pkg/database/schema/card.sql.go:1044.16,1046.3 1 0
github.com/MamangRust/monolith-payment-gateway-pkg/database/schema/card.sql.go:1047.2,1049.18 3 0
github.com/MamangRust/monolith-payment-gateway-pkg/database/schema/card.sql.go:1049.18,1051.69 2 0
github.com/MamangRust/monolith-payment-gateway-pkg/database/schema/card.sql.go:1051.69,1053.4 1 0
github.com/MamangRust/monolith-payment-gateway-pkg/database/schema/card.sql.go:1054.3,1054.28 1 0
github.com/MamangRust/monolith-payment-gateway-pkg/database/schema/card.sql.go:1056.2,1056.37 1 0
github.com/MamangRust/monolith-payment-gateway-pkg/database/schema/card.sql.go:1056.37,1058.3 1 0
github.com/MamangRust/monolith-payment-gateway-pkg/database/schema/card.sql.go:1059.2,1059.35 1 0
github.com/MamangRust/monolith-payment-gateway-pkg/database/schema/card.sql.go:1059.35,1061.3 1 0
github.com/MamangRust/monolith-payment-gateway-pkg/database/schema/card.sql.go:1062.2,1062.19 1 0
github.com/MamangRust/monolith-payment-gateway-pkg/database/schema/card.sql.go:1110.137,1112.16 2 0
github.com/MamangRust/monolith-payment-gateway-pkg/database/schema/card.sql.go:1112.16,1114.3 1 0
github.com/MamangRust/monolith-payment-gateway-pkg/database/schema/card.sql.go:1115.2,1117.18 3 0
github.com/MamangRust/monolith-payment-gateway-pkg/database/schema/card.sql.go:1117.18,1119.65 2 0
github.com/MamangRust/monolith-payment-gateway-pkg/database/schema/card.sql.go:1119.65,1121.4 1 0
github.com/MamangRust/monolith-payment-gateway-pkg/database/schema/card.sql.go:1122.3,1122.28 1 0
github.com/MamangRust/monolith-payment-gateway-pkg/database/schema/card.sql.go:1124.2,1124.37 1 0
github.com/MamangRust/monolith-payment-gateway-pkg/database/schema/card.sql.go:1124.37,1126.3 1 0
github.com/MamangRust/monolith-payment-gateway-pkg/database/schema/card.sql.go:1127.2,1127.35 1 0
github.com/MamangRust/monolith-payment-gateway-pkg/database/schema/card.sql.go:1127.35,1129.3 1 0
github.com/MamangRust/monolith-payment-gateway-pkg/database/schema/card.sql.go:1130.2,1130.19 1 0
github.com/MamangRust/monolith-payment-gateway-pkg/database/schema/card.sql.go:1181.125,1183.16 2 0
github.com/MamangRust/monolith-payment-gateway-pkg/database/schema/card.sql.go:1183.16,1185.3 1 0
github.com/MamangRust/monolith-payment-gateway-pkg/database/schema/card.sql.go:1186.2,1188.18 3 0
github.com/MamangRust/monolith-payment-gateway-pkg/database/schema/card.sql.go:1188.18,1190.69 2 0
github.com/MamangRust/monolith-payment-gateway-pkg/database/schema/card.sql.go:1190.69,1192.4 1 0
github.com/MamangRust/monolith-payment-gateway-pkg/database/schema/card.sql.go:1193.3,1193.28 1 0
github.com/MamangRust/monolith-payment-gateway-pkg/database/schema/card.sql.go:1195.2,1195.37 1 0
github.com/MamangRust/monolith-payment-gateway-pkg/database/schema/card.sql.go:1195.37,1197.3 1 0
github.com/MamangRust/monolith-payment-gateway-pkg/database/schema/card.sql.go:1198.2,1198.35 1 0
github.com/MamangRust/monolith-payment-gateway-pkg/database/schema/card.sql.go:1198.35,1200.3 1 0
github.com/MamangRust/monolith-payment-gateway-pkg/database/schema/card.sql.go:1201.2,1201.19 1 0
github.com/MamangRust/monolith-payment-gateway-pkg/database/schema/card.sql.go:1259.177,1261.16 2 0
github.com/MamangRust/monolith-payment-gateway-pkg/database/schema/card.sql.go:1261.16,1263.3 1 0
github.com/MamangRust/monolith-payment-gateway-pkg/database/schema/card.sql.go:1264.2,1266.18 3 0
github.com/MamangRust/monolith-payment-gateway-pkg/database/schema/card.sql.go:1266.18,1268.69 2 0
github.com/MamangRust/monolith-payment-gateway-pkg/database/schema/card.sql.go:1268.69,1270.4 1 0
github.com/MamangRust/monolith-payment-gateway-pkg/database/schema/card.sql.go:1271.3,1271.28 1 0
github.com/MamangRust/monolith-payment-gateway-pkg/database/schema/card.sql.go:1273.2,1273.37 1 0
github.com/MamangRust/monolith-payment-gateway-pkg/database/schema/card.sql.go:1273.37,1275.3 1 0
github.com/MamangRust/monolith-payment-gateway-pkg/database/schema/card.sql.go:1276.2,1276.35 1 0
github.com/MamangRust/monolith-payment-gateway-pkg/database/schema/card.sql.go:1276.35,1278.3 1 0
github.com/MamangRust/monolith-payment-gateway-pkg/database/schema/card.sql.go:1279.2,1279.19 1 0
github.com/MamangRust/monolith-payment-gateway-pkg/database/schema/card.sql.go:1304.71,1309.2 4 0
github.com/MamangRust/monolith-payment-gateway-pkg/database/schema/card.sql.go:1338.102,1343.2 4 0
github.com/MamangRust/monolith-payment-gateway-pkg/database/schema/card.sql.go:1367.75,1372.2 4 0
github.com/MamangRust/monolith-payment-gateway-pkg/database/schema/card.sql.go:1400.106,1405.2 4 0
github.com/MamangRust/monolith-payment-gateway-pkg/database/schema/card.sql.go:1429.81,1434.2 4 0
github.com/MamangRust/monolith-payment-gateway-pkg/database/schema/card.sql.go:1462.112,1467.2 4 0
github.com/MamangRust/monolith-payment-gateway-pkg/database/schema/card.sql.go:1505.78,1510.2 4 0
github.com/MamangRust/monolith-payment-gateway-pkg/database/schema/card.sql.go:1535.107,1540.2 4 0
github.com/MamangRust/monolith-payment-gateway-pkg/database/schema/card.sql.go:1565.107,1570.2 4 0
github.com/MamangRust/monolith-payment-gateway-pkg/database/schema/card.sql.go:1594.78,1599.2 4 0
github.com/MamangRust/monolith-payment-gateway-pkg/database/schema/card.sql.go:1629.109,1634.2 4 0
github.com/MamangRust/monolith-payment-gateway-pkg/database/schema/card.sql.go:1654.88,1670.2 4 0
github.com/MamangRust/monolith-payment-gateway-pkg/database/schema/card.sql.go:1720.141,1722.16 2 0
github.com/MamangRust/monolith-payment-gateway-pkg/database/schema/card.sql.go:1722.16,1724.3 1 0
github.com/MamangRust/monolith-payment-gateway-pkg/database/schema/card.sql.go:1725.2,1727.18 3 0
github.com/MamangRust/monolith-payment-gateway-pkg/database/schema/card.sql.go:1727.18,1741.17 2 0
github.com/MamangRust/monolith-payment-gateway-pkg/database/schema/card.sql.go:1741.17,1743.4 1 0
github.com/MamangRust/monolith-payment-gateway-pkg/database/schema/card.sql.go:1744.3,1744.28 1 0
github.com/MamangRust/monolith-payment-gateway-pkg/database/schema/card.sql.go:1746.2,1746.37 1 0
github.com/MamangRust/monolith-payment-gateway-pkg/database/schema/card.sql.go:1746.37,1748.3 1 0
github.com/MamangRust/monolith-payment-gateway-pkg/database/schema/card.sql.go:1749.2,1749.35 1 0
github.com/MamangRust/monolith-payment-gateway-pkg/database/schema/card.sql.go:1749.35,1751.3 1 0
github.com/MamangRust/monolith-payment-gateway-pkg/database/schema/card.sql.go:1752.2,1752.19 1 0
github.com/MamangRust/monolith-payment-gateway-pkg/database/schema/card.sql.go:1787.122,1803.2 4 0
github.com/MamangRust/monolith-payment-gateway-pkg/database/schema/card.sql.go:1851.113,1853.16 2 0
github.com/MamangRust/monolith-payment-gateway-pkg/database/schema/card.sql.go:1853.16,1855.3 1 0
github.com/MamangRust/monolith-payment-gateway-pkg/database/schema/card.sql.go:1856.2,1858.18 3 0
github.com/MamangRust/monolith-payment-gateway-pkg/database/schema/card.sql.go:1858.18,1860.61 2 0
github.com/MamangRust/monolith-payment-gateway-pkg/database/schema/card.sql.go:1860.61,1862.4 1 0
github.com/MamangRust/monolith-payment-gateway-pkg/database/schema/card.sql.go:1863.3,1863.28 1 0
github.com/MamangRust/monolith-payment-gateway-pkg/database/schema/card.sql.go:1865.2,1865.37 1 0
github.com/MamangRust/monolith-payment-gateway-pkg/database/schema/card.sql.go:1865.37,1867.3 1 0
github.com/MamangRust/monolith-payment-gateway-pkg/database/schema/card.sql.go:1868.2,1868.35 1 0
github.com/MamangRust/monolith-payment-gateway-pkg/database/schema/card.sql.go:1868.35,1870.3 1 0
github.com/MamangRust/monolith-payment-gateway-pkg/database/schema/card.sql.go:1871.2,1871.19 1 0
github.com/MamangRust/monolith-payment-gateway-pkg/database/schema/card.sql.go:1927.156,1929.16 2 0
github.com/MamangRust/monolith-payment-gateway-pkg/database/schema/card.sql.go:1929.16,1931.3 1 0
github.com/MamangRust/monolith-payment-gateway-pkg/database/schema/card.sql.go:1932.2,1934.18 3 0
github.com/MamangRust/monolith-payment-gateway-pkg/database/schema/card.sql.go:1934.18,1936.61 2 0
github.com/MamangRust/monolith-payment-gateway-pkg/database/schema/card.sql.go:1936.61,1938.4 1 0
github.com/MamangRust/monolith-payment-gateway-pkg/database/schema/card.sql.go:1939.3,1939.28 1 0
github.com/MamangRust/monolith-payment-gateway-pkg/database/schema/card.sql.go:1941.2,1941.37 1 0
github.com/MamangRust/monolith-payment-gateway-pkg/database/schema/card.sql.go:1941.37,1943.3 1 0
github.com/MamangRust/monolith-payment-gateway-pkg/database/schema/card.sql.go:1944.2,1944.35 1 0
github.com/MamangRust/monolith-payment-gateway-pkg/database/schema/card.sql.go:1944.35,1946.3 1 0
github.com/MamangRust/monolith-payment-gateway-pkg/database/schema/card.sql.go:1947.2,1947.19 1 0
github.com/MamangRust/monolith-payment-gateway-pkg/database/schema/card.sql.go:1998.119,2000.16 2 0
github.com/MamangRust/monolith-payment-gateway-pkg/database/schema/card.sql.go:2000.16,2002.3 1 0
github.com/MamangRust/monolith-payment-gateway-pkg/database/schema/card.sql.go:2003.2,2005.18 3 0
github.com/MamangRust/monolith-payment-gateway-pkg/database/schema/card.sql.go:2005.18,2007.65 2 0
github.com/MamangRust/monolith-payment-gateway-pkg/database/schema/card.sql.go:2007.65,2009.4 1 0
github.com/MamangRust/monolith-payment-gateway-pkg/database/schema/card.sql.go:2010.3,2010.28 1 0
github.com/MamangRust/monolith-payment-gateway-pkg/database/schema/card.sql.go:2012.2,2012.37 1 0
github.com/MamangRust/monolith-payment-gateway-pkg/database/schema/card.sql.go:2012.37,2014.3 1 0
github.com/MamangRust/monolith-payment-gateway-pkg/database/schema/card.sql.go:2015.2,2015.35 1 0
github.com/MamangRust/monolith-payment-gateway-pkg/database/schema/card.sql.go:2015.35,2017.3 1 0
github.com/MamangRust/monolith-payment-gateway-pkg/database/schema/card.sql.go:2018.2,2018.19 1 0
github.com/MamangRust/monolith-payment-gateway-pkg/database/schema/card.sql.go:2076.165,2078.16 2 0
github.com/MamangRust/monolith-payment-gateway-pkg/database/schema/card.sql.go:2078.16,2080.3 1 0
github.com/MamangRust/monolith-payment-gateway-pkg/database/schema/card.sql.go:2081.2,2083.18 3 0
github.com/MamangRust/monolith-payment-gateway-pkg/database/schema/card.sql.go:2083.18,2085.65 2 0
github.com/MamangRust/monolith-payment-gateway-pkg/database/schema/card.sql.go:2085.65,2087.4 1 0
github.com/MamangRust/monolith-payment-gateway-pkg/database/schema/card.sql.go:2088.3,2088.28 1 0
github.com/MamangRust/monolith-payment-gateway-pkg/database/schema/card.sql.go:2090.2,2090.37 1 0
github.com/MamangRust/monolith-payment-gateway-pkg/database/schema/card.sql.go:2090.37,2092.3 1 0
github.com/MamangRust/monolith-payment-gateway-pkg/database/schema/card.sql.go:2093.2,2093.35 1 0
github.com/MamangRust/monolith-payment-gateway-pkg/database/schema/card.sql.go:2093.35,2095.3 1 0
github.com/MamangRust/monolith-payment-gateway-pkg/database/schema/card.sql.go:2096.2,2096.19 1 0
github.com/MamangRust/monolith-payment-gateway-pkg/database/schema/card.sql.go:2147.131,2149.16 2 0
github.com/MamangRust/monolith-payment-gateway-pkg/database/schema/card.sql.go:2149.16,2151.3 1 0
github.com/MamangRust/monolith-payment-gateway-pkg/database/schema/card.sql.go:2152.2,2154.18 3 0
github.com/MamangRust/monolith-payment-gateway-pkg/database/schema/card.sql.go:2154.18,2156.71 2 0
github.com/MamangRust/monolith-payment-gateway-pkg/database/schema/card.sql.go:2156.71,2158.4 1 0
github.com/MamangRust/monolith-payment-gateway-pkg/database/schema/card.sql.go:2159.3,2159.28 1 0
github.com/MamangRust/monolith-payment-gateway-pkg/database/schema/card.sql.go:2161.2,2161.37 1 0
github.com/MamangRust/monolith-payment-gateway-pkg/database/schema/card.sql.go:2161.37,2163.3 1 0
github.com/MamangRust/monolith-payment-gateway-pkg/database/schema/card.sql.go:2164.2,2164.35 1 0
github.com/MamangRust/monolith-payment-gateway-pkg/database/schema/card.sql.go:2164.35,2166.3 1 0
github.com/MamangRust/monolith-payment-gateway-pkg/database/schema/card.sql.go:2167.2,2167.19 1 0
github.com/MamangRust/monolith-payment-gateway-pkg/database/schema/card.sql.go:2225.183,2227.16 2 0
github.com/MamangRust/monolith-payment-gateway-pkg/database/schema/card.sql.go:2227.16,2229.3 1 0
github.com/MamangRust/monolith-payment-gateway-pkg/database/schema/card.sql.go:2230.2,2232.18 3 0
github.com/MamangRust/monolith-payment-gateway-pkg/database/schema/card.sql.go:2232.18,2234.71 2 0
github.com/MamangRust/monolith-payment-gateway-pkg/database/schema/card.sql.go:2234.71,2236.4 1 0
github.com/MamangRust/monolith-payment-gateway-pkg/database/schema/card.sql.go:2237.3,2237.28 1 0
github.com/MamangRust/monolith-payment-gateway-pkg/database/schema/card.sql.go:2239.2,2239.37 1 0
github.com/MamangRust/monolith-payment-gateway-pkg/database/schema/card.sql.go:2239.37,2241.3 1 0
github.com/MamangRust/monolith-payment-gateway-pkg/database/schema/card.sql.go:2242.2,2242.35 1 0
github.com/MamangRust/monolith-payment-gateway-pkg/database/schema/card.sql.go:2242.35,2244.3 1 0
github.com/MamangRust/monolith-payment-gateway-pkg/database/schema/card.sql.go:2245.2,2245.19 1 0
github.com/MamangRust/monolith-payment-gateway-pkg/database/schema/card.sql.go:2300.168,2302.16 2 0
github.com/MamangRust/monolith-payment-gateway-pkg/database/schema/card.sql.go:2302.16,2304.3 1 0
github.com/MamangRust/monolith-payment-gateway-pkg/database/schema/card.sql.go:2305.2,2307.18 3 0
github.com/MamangRust/monolith-payment-gateway-pkg/database/schema/card.sql.go:2307.18,2309.68 2 0
github.com/MamangRust/monolith-payment-gateway-pkg/database/schema/card.sql.go:2309.68,2311.4 1 0
github.com/MamangRust/monolith-payment-gateway-pkg/database/schema/card.sql.go:2312.3,2312.28 1 0
github.com/MamangRust/monolith-payment-gateway-pkg/database/schema/card.sql.go:2314.2,2314.37 1 0
github.com/MamangRust/monolith-payment-gateway-pkg/database/schema/card.sql.go:2314.37,2316.3 1 0
github.com/MamangRust/monolith-payment-gateway-pkg/database/schema/card.sql.go:2317.2,2317.35 1 0
github.com/MamangRust/monolith-payment-gateway-pkg/database/schema/card.sql.go:2317.35,2319.3 1 0
github.com/MamangRust/monolith-payment-gateway-pkg/database/schema/card.sql.go:2320.2,2320.19 1 0
github.com/MamangRust/monolith-payment-gateway-pkg/database/schema/card.sql.go:2375.162,2377.16 2 0
github.com/MamangRust/monolith-payment-gateway-pkg/database/schema/card.sql.go:2377.16,2379.3 1 0
github.com/MamangRust/monolith-payment-gateway-pkg/database/schema/card.sql.go:2380.2,2382.18 3 0
github.com/MamangRust/monolith-payment-gateway-pkg/database/schema/card.sql.go:2382.18,2384.64 2 0
github.com/MamangRust/monolith-payment-gateway-pkg/database/schema/card.sql.go:2384.64,2386.4 1 0
github.com/MamangRust/monolith-payment-gateway-pkg/database/schema/card.sql.go:2387.3,2387.28 1 0
github.com/MamangRust/monolith-payment-gateway-pkg/database/schema/card.sql.go:2389.2,2389.37 1 0
github.com/MamangRust/monolith-payment-gateway-pkg/database/schema/card.sql.go:2389.37,2391.3 1 0
github.com/MamangRust/monolith-payment-gateway-pkg/database/schema/card.sql.go:2392.2,2392.35 1 0
github.com/MamangRust/monolith-payment-gateway-pkg/database/schema/card.sql.go:2392.35,2394.3 1 0
github.com/MamangRust/monolith-payment-gateway-pkg/database/schema/card.sql.go:2395.2,2395.19 1 0
github.com/MamangRust/monolith-payment-gateway-pkg/database/schema/card.sql.go:2443.141,2445.16 2 0
github.com/MamangRust/monolith-payment-gateway-pkg/database/schema/card.sql.go:2445.16,2447.3 1 0
github.com/MamangRust/monolith-payment-gateway-pkg/database/schema/card.sql.go:2448.2,2450.18 3 0
github.com/MamangRust/monolith-payment-gateway-pkg/database/schema/card.sql.go:2450.18,2452.68 2 0
github.com/MamangRust/monolith-payment-gateway-pkg/database/schema/card.sql.go:2452.68,2454.4 1 0
github.com/MamangRust/monolith-payment-gateway-pkg/database/schema/card.sql.go:2455.3,2455.28 1 0
github.com/MamangRust/monolith-payment-gateway-pkg/database/schema/card.sql.go:2457.2,2457.37 1 0
github.com/MamangRust/monolith-payment-gateway-pkg/database/schema/card.sql.go:2457.37,2459.3 1 0
github.com/MamangRust/monolith-payment-gateway-pkg/database/schema/card.sql.go:2460.2,2460.35 1 0
github.com/MamangRust/monolith-payment-gateway-pkg/database/schema/card.sql.go:2460.35,2462.3 1 0
github.com/MamangRust/monolith-payment-gateway-pkg/database/schema/card.sql.go:2463.2,2463.19 1 0
github.com/MamangRust/monolith-payment-gateway-pkg/database/schema/card.sql.go:2511.137,2513.16 2 0
github.com/MamangRust/monolith-payment-gateway-pkg/database/schema/card.sql.go:2513.16,2515.3 1 0
github.com/MamangRust/monolith-payment-gateway-pkg/database/schema/card.sql.go:2516.2,2518.18 3 0
github.com/MamangRust/monolith-payment-gateway-pkg/database/schema/card.sql.go:2518.18,2520.64 2 0
github.com/MamangRust/monolith-payment-gateway-pkg/database/schema/card.sql.go:2520.64,2522.4 1 0
github.com/MamangRust/monolith-payment-gateway-pkg/database/schema/card.sql.go:2523.3,2523.28 1 0
github.com/MamangRust/monolith-payment-gateway-pkg/database/schema/card.sql.go:2525.2,2525.37 1 0
github.com/MamangRust/monolith-payment-gateway-pkg/database/schema/card.sql.go:2525.37,2527.3 1 0
github.com/MamangRust/monolith-payment-gateway-pkg/database/schema/card.sql.go:2528.2,2528.35 1 0
github.com/MamangRust/monolith-payment-gateway-pkg/database/schema/card.sql.go:2528.35,2530.3 1 0
github.com/MamangRust/monolith-payment-gateway-pkg/database/schema/card.sql.go:2531.2,2531.19 1 0
github.com/MamangRust/monolith-payment-gateway-pkg/database/schema/card.sql.go:2582.125,2584.16 2 0
github.com/MamangRust/monolith-payment-gateway-pkg/database/schema/card.sql.go:2584.16,2586.3 1 0
github.com/MamangRust/monolith-payment-gateway-pkg/database/schema/card.sql.go:2587.2,2589.18 3 0
github.com/MamangRust/monolith-payment-gateway-pkg/database/schema/card.sql.go:2589.18,2591.68 2 0
github.com/MamangRust/monolith-payment-gateway-pkg/database/schema/card.sql.go:2591.68,2593.4 1 0
github.com/MamangRust/monolith-payment-gateway-pkg/database/schema/card.sql.go:2594.3,2594.28 1 0
github.com/MamangRust/monolith-payment-gateway-pkg/database/schema/card.sql.go:2596.2,2596.37 1 0
github.com/MamangRust/monolith-payment-gateway-pkg/database/schema/card.sql.go:2596.37,2598.3 1 0
github.com/MamangRust/monolith-payment-gateway-pkg/database/schema/card.sql.go:2599.2,2599.35 1 0
github.com/MamangRust/monolith-payment-gateway-pkg/database/schema/card.sql.go:2599.35,2601.3 1 0
github.com/MamangRust/monolith-payment-gateway-pkg/database/schema/card.sql.go:2602.2,2602.19 1 0
github.com/MamangRust/monolith-payment-gateway-pkg/database/schema/card.sql.go:2660.174,2662.16 2 0
github.com/MamangRust/monolith-payment-gateway-pkg/database/schema/card.sql.go:2662.16,2664.3 1 0
github.com/MamangRust/monolith-payment-gateway-pkg/database/schema/card.sql.go:2665.2,2667.18 3 0
github.com/MamangRust/monolith-payment-gateway-pkg/database/schema/card.sql.go:2667.18,2669.68 2 0
github.com/MamangRust/monolith-payment-gateway-pkg/database/schema/card.sql.go:2669.68,2671.4 1 0
github.com/MamangRust/monolith-payment-gateway-pkg/database/schema/card.sql.go:2672.3,2672.28 1 0
github.com/MamangRust/monolith-payment-gateway-pkg/database/schema/card.sql.go:2674.2,2674.37 1 0
github.com/MamangRust/monolith-payment-gateway-pkg/database/schema/card.sql.go:2674.37,2676.3 1 0
github.com/MamangRust/monolith-payment-gateway-pkg/database/schema/card.sql.go:2677.2,2677.35 1 0
github.com/MamangRust/monolith-payment-gateway-pkg/database/schema/card.sql.go:2677.35,2679.3 1 0
github.com/MamangRust/monolith-payment-gateway-pkg/database/schema/card.sql.go:2680.2,2680.19 1 0
github.com/MamangRust/monolith-payment-gateway-pkg/database/schema/card.sql.go:2697.62,2700.2 2 0
github.com/MamangRust/monolith-payment-gateway-pkg/database/schema/card.sql.go:2722.81,2738.2 4 0
github.com/MamangRust/monolith-payment-gateway-pkg/database/schema/card.sql.go:2760.79,2776.2 4 0
github.com/MamangRust/monolith-payment-gateway-pkg/database/schema/card.sql.go:2814.88,2836.2 4 0
github.com/MamangRust/monolith-payment-gateway-pkg/database/schema/db.go:19.28,21.2 1 0
github.com/MamangRust/monolith-payment-gateway-pkg/database/schema/db.go:27.47,31.2 1 0
github.com/MamangRust/monolith-payment-gateway-pkg/database/schema/merchant.sql.go:59.100,79.2 4 0
github.com/MamangRust/monolith-payment-gateway-pkg/database/schema/merchant.sql.go:92.74,95.2 2 0
github.com/MamangRust/monolith-payment-gateway-pkg/database/schema/merchant.sql.go:110.90,113.2 2 0
github.com/MamangRust/monolith-payment-gateway-pkg/database/schema/merchant.sql.go:185.126,187.16 2 0
github.com/MamangRust/monolith-payment-gateway-pkg/database/schema/merchant.sql.go:187.16,189.3 1 0
github.com/MamangRust/monolith-payment-gateway-pkg/database/schema/merchant.sql.go:190.2,192.18 3 0
github.com/MamangRust/monolith-payment-gateway-pkg/database/schema/merchant.sql.go:192.18,206.17 2 0
github.com/MamangRust/monolith-payment-gateway-pkg/database/schema/merchant.sql.go:206.17,208.4 1 0
github.com/MamangRust/monolith-payment-gateway-pkg/database/schema/merchant.sql.go:209.3,209.28 1 0
github.com/MamangRust/monolith-payment-gateway-pkg/database/schema/merchant.sql.go:211.2,211.37 1 0
github.com/MamangRust/monolith-payment-gateway-pkg/database/schema/merchant.sql.go:211.37,213.3 1 0
github.com/MamangRust/monolith-payment-gateway-pkg/database/schema/merchant.sql.go:214.2,214.35 1 0
github.com/MamangRust/monolith-payment-gateway-pkg/database/schema/merchant.sql.go:214.35,216.3 1 0
github.com/MamangRust/monolith-payment-gateway-pkg/database/schema/merchant.sql.go:217.2,217.19 1 0
github.com/MamangRust/monolith-payment-gateway-pkg/database/schema/merchant.sql.go:293.150,300.16 2 0
github.com/MamangRust/monolith-payment-gateway-pkg/database/schema/merchant.sql.go:300.16,302.3 1 0
github.com/MamangRust/monolith-payment-gateway-pkg/database/schema/merchant.sql.go:303.2,305.18 3 0
github.com/MamangRust/monolith-payment-gateway-pkg/database/schema/merchant.sql.go:305.18,319.17 2 0
github.com/MamangRust/monolith-payment-gateway-pkg/database/schema/merchant.sql.go:319.17,321.4 1 0
github.com/MamangRust/monolith-payment-gateway-pkg/database/schema/merchant.sql.go:322.3,322.28 1 0
github.com/MamangRust/monolith-payment-gateway-pkg/database/schema/merchant.sql.go:324.2,324.37 1 0
github.com/MamangRust/monolith-payment-gateway-pkg/database/schema/merchant.sql.go:324.37,326.3 1 0
github.com/MamangRust/monolith-payment-gateway-pkg/database/schema/merchant.sql.go:327.2,327.35 1 0
github.com/MamangRust/monolith-payment-gateway-pkg/database/schema/merchant.sql.go:327.35,329.3 1 0
github.com/MamangRust/monolith-payment-gateway-pkg/database/schema/merchant.sql.go:330.2,330.19 1 0
github.com/MamangRust/monolith-payment-gateway-pkg/database/schema/merchant.sql.go:406.156,413.16 2 0
github.com/MamangRust/monolith-payment-gateway-pkg/database/schema/merchant.sql.go:413.16,415.3 1 0
github.com/MamangRust/monolith-payment-gateway-pkg/database/schema/merchant.sql.go:416.2,418.18 3 0
github.com/MamangRust/monolith-payment-gateway-pkg/database/schema/merchant.sql.go:418.18,432.17 2 0
github.com/MamangRust/monolith-payment-gateway-pkg/database/schema/merchant.sql.go:432.17,434.4 1 0
github.com/MamangRust/monolith-payment-gateway-pkg/database/schema/merchant.sql.go:435.3,435.28 1 0
github.com/MamangRust/monolith-payment-gateway-pkg/database/schema/merchant.sql.go:437.2,437.37 1 0
github.com/MamangRust/monolith-payment-gateway-pkg/database/schema/merchant.sql.go:437.37,439.3 1 0
github.com/MamangRust/monolith-payment-gateway-pkg/database/schema/merchant.sql.go:440.2,440.35 1 0
github.com/MamangRust/monolith-payment-gateway-pkg/database/schema/merchant.sql.go:440.35,442.3 1 0
github.com/MamangRust/monolith-payment-gateway-pkg/database/schema/merchant.sql.go:443.2,443.19 1 0
github.com/MamangRust/monolith-payment-gateway-pkg/database/schema/merchant.sql.go:493.123,495.16 2 0
github.com/MamangRust/monolith-payment-gateway-pkg/database/schema/merchant.sql.go:495.16,497.3 1 0
github.com/MamangRust/monolith-payment-gateway-pkg/database/schema/merchant.sql.go:498.2,500.18 3 0
github.com/MamangRust/monolith-payment-gateway-pkg/database/schema/merchant.sql.go:500.18,513.17 2 0
github.com/MamangRust/monolith-payment-gateway-pkg/database/schema/merchant.sql.go:513.17,515.4 1 0
github.com/MamangRust/monolith-payment-gateway-pkg/database/schema/merchant.sql.go:516.3,516.28 1 0
github.com/MamangRust/monolith-payment-gateway-pkg/database/schema/merchant.sql.go:518.2,518.37 1 0
github.com/MamangRust/monolith-payment-gateway-pkg/database/schema/merchant.sql.go:518.37,520.3 1 0
github.com/MamangRust/monolith-payment-gateway-pkg/database/schema/merchant.sql.go:521.2,521.35 1 0
github.com/MamangRust/monolith-payment-gateway-pkg/database/schema/merchant.sql.go:521.35,523.3 1 0
github.com/MamangRust/monolith-payment-gateway-pkg/database/schema/merchant.sql.go:524.2,524.19 1 0
github.com/MamangRust/monolith-payment-gateway-pkg/database/schema/merchant.sql.go:543.94,558.2 4 0
github.com/MamangRust/monolith-payment-gateway-pkg/database/schema/merchant.sql.go:580.93,595.2 4 0
github.com/MamangRust/monolith-payment-gateway-pkg/database/schema/merchant.sql.go:613.90,628.2 4 0
github.com/MamangRust/monolith-payment-gateway-pkg/database/schema/merchant.sql.go:677.105,679.16 2 0
github.com/MamangRust/monolith-payment-gateway-pkg/database/schema/merchant.sql.go:679.16,681.3 1 0
github.com/MamangRust/monolith-payment-gateway-pkg/database/schema/merchant.sql.go:682.2,684.18 3 0
github.com/MamangRust/monolith-payment-gateway-pkg/database/schema/merchant.sql.go:684.18,697.17 2 0
github.com/MamangRust/monolith-payment-gateway-pkg/database/schema/merchant.sql.go:697.17,699.4 1 0
github.com/MamangRust/monolith-payment-gateway-pkg/database/schema/merchant.sql.go:700.3,700.28 1 0
github.com/MamangRust/monolith-payment-gateway-pkg/database/schema/merchant.sql.go:702.2,702.37 1 0
github.com/MamangRust/monolith-payment-gateway-pkg/database/schema/merchant.sql.go:702.37,704.3 1 0
github.com/MamangRust/monolith-payment-gateway-pkg/database/schema/merchant.sql.go:705.2,705.35 1 0
github.com/MamangRust/monolith-payment-gateway-pkg/database/schema/merchant.sql.go:705.35,707.3 1 0
github.com/MamangRust/monolith-payment-gateway-pkg/database/schema/merchant.sql.go:708.2,708.19 1 0
github.com/MamangRust/monolith-payment-gateway-pkg/database/schema/merchant.sql.go:727.96,729.16 2 0
github.com/MamangRust/monolith-payment-gateway-pkg/database/schema/merchant.sql.go:729.16,731.3 1 0
github.com/MamangRust/monolith-payment-gateway-pkg/database/schema/merchant.sql.go:732.2,734.18 3 0
github.com/MamangRust/monolith-payment-gateway-pkg/database/schema/merchant.sql.go:734.18,746.17 2 0
github.com/MamangRust/monolith-payment-gateway-pkg/database/schema/merchant.sql.go:746.17,748.4 1 0
github.com/MamangRust/monolith-payment-gateway-pkg/database/schema/merchant.sql.go:749.3,749.28 1 0
github.com/MamangRust/monolith-payment-gateway-pkg/database/schema/merchant.sql.go:751.2,751.37 1 0
github.com/MamangRust/monolith-payment-gateway-pkg/database/schema/merchant.sql.go:751.37,753.3 1 0
github.com/MamangRust/monolith-payment-gateway-pkg/database/schema/merchant.sql.go:754.2,754.35 1 0
github.com/MamangRust/monolith-payment-gateway-pkg/database/schema/merchant.sql.go:754.35,756.3 1 0
github.com/MamangRust/monolith-payment-gateway-pkg/database/schema/merchant.sql.go:757.2,757.19 1 0
github.com/MamangRust/monolith-payment-gateway-pkg/database/schema/merchant.sql.go:815.141,817.16 2 0
github.com/MamangRust/monolith-payment-gateway-pkg/database/schema/merchant.sql.go:817.16,819.3 1 0
github.com/MamangRust/monolith-payment-gateway-pkg/database/schema/merchant.sql.go:820.2,822.18 3 0
github.com/MamangRust/monolith-payment-gateway-pkg/database/schema/merchant.sql.go:822.18,824.61 2 0
github.com/MamangRust/monolith-payment-gateway-pkg/database/schema/merchant.sql.go:824.61,826.4 1 0
github.com/MamangRust/monolith-payment-gateway-pkg/database/schema/merchant.sql.go:827.3,827.28 1 0
github.com/MamangRust/monolith-payment-gateway-pkg/database/schema/merchant.sql.go:829.2,829.37 1 0
github.com/MamangRust/monolith-payment-gateway-pkg/database/schema/merchant.sql.go:829.37,831.3 1 0
github.com/MamangRust/monolith-payment-gateway-pkg/database/schema/merchant.sql.go:832.2,832.35 1 0
github.com/MamangRust/monolith-payment-gateway-pkg/database/schema/merchant.sql.go:832.35,834.3 1 0
github.com/MamangRust/monolith-payment-gateway-pkg/database/schema/merchant.sql.go:835.2,835.19 1 0
github.com/MamangRust/monolith-payment-gateway-pkg/database/schema/merchant.sql.go:893.150,895.16 2 0
github.com/MamangRust/monolith-payment-gateway-pkg/database/schema/merchant.sql.go:895.16,897.3 1 0
github.com/MamangRust/monolith-payment-gateway-pkg/database/schema/merchant.sql.go:898.2,900.18 3 0
github.com/MamangRust/monolith-payment-gateway-pkg/database/schema/merchant.sql.go:900.18,902.61 2 0
github.com/MamangRust/monolith-payment-gateway-pkg/database/schema/merchant.sql.go:902.61,904.4 1 0
github.com/MamangRust/monolith-payment-gateway-pkg/database/schema/merchant.sql.go:905.3,905.28 1 0
github.com/MamangRust/monolith-payment-gateway-pkg/database/schema/merchant.sql.go:907.2,907.37 1 0
github.com/MamangRust/monolith-payment-gateway-pkg/database/schema/merchant.sql.go:907.37,909.3 1 0
github.com/MamangRust/monolith-payment-gateway-pkg/database/schema/merchant.sql.go:910.2,910.35 1 0
github.com/MamangRust/monolith-payment-gateway-pkg/database/schema/merchant.sql.go:910.35,912.3 1 0
github.com/MamangRust/monolith-payment-gateway-pkg/database/schema/merchant.sql.go:913.2,913.19 1 0
github.com/MamangRust/monolith-payment-gateway-pkg/database/schema/merchant.sql.go:963.125,965.16 2 0
github.com/MamangRust/monolith-payment-gateway-pkg/database/schema/merchant.sql.go:965.16,967.3 1 0
github.com/MamangRust/monolith-payment-gateway-pkg/database/schema/merchant.sql.go:968.2,970.18 3 0
github.com/MamangRust/monolith-payment-gateway-pkg/database/schema/merchant.sql.go:970.18,972.61 2 0
github.com/MamangRust/monolith-payment-gateway-pkg/database/schema/merchant.sql.go:972.61,974.4 1 0
github.com/MamangRust/monolith-payment-gateway-pkg/database/schema/merchant.sql.go:975.3,975.28 1 0
github.com/MamangRust/monolith-payment-gateway-pkg/database/schema/merchant.sql.go:977.2,977.37 1 0
github.com/MamangRust/monolith-payment-gateway-pkg/database/schema/merchant.sql.go:977.37,979.3 1 0
github.com/MamangRust/monolith-payment-gateway-pkg/database/schema/merchant.sql.go:980.2,980.35 1 0
github.com/MamangRust/monolith-payment-gateway-pkg/database/schema/merchant.sql.go:980.35,982.3 1 0
github.com/MamangRust/monolith-payment-gateway-pkg/database/schema/merchant.sql.go:983.2,983.19 1 0
github.com/MamangRust/monolith-payment-gateway-pkg/database/schema/merchant.sql.go:1054.162,1056.16 2 0
github.com/MamangRust/monolith-payment-gateway-pkg/database/schema/merchant.sql.go:1056.16,1058.3 1 0
github.com/MamangRust/monolith-payment-gateway-pkg/database/schema/merchant.sql.go:1059.2,1061.18 3 0
github.com/MamangRust/monolith-payment-gateway-pkg/database/schema/merchant.sql.go:1061.18,1063.79 2 0
github.com/MamangRust/monolith-payment-gateway-pkg/database/schema/merchant.sql.go:1063.79,1065.4 1 0
github.com/MamangRust/monolith-payment-gateway-pkg/database/schema/merchant.sql.go:1066.3,1066.28 1 0
github.com/MamangRust/monolith-payment-gateway-pkg/database/schema/merchant.sql.go:1068.2,1068.37 1 0
github.com/MamangRust/monolith-payment-gateway-pkg/database/schema/merchant.sql.go:1068.37,1070.3 1 0
github.com/MamangRust/monolith-payment-gateway-pkg/database/schema/merchant.sql.go:1071.2,1071.35 1 0
github.com/MamangRust/monolith-payment-gateway-pkg/database/schema/merchant.sql.go:1071.35,1073.3 1 0
github.com/MamangRust/monolith-payment-gateway-pkg/database/schema/merchant.sql.go:1074.2,1074.19 1 0
github.com/MamangRust/monolith-payment-gateway-pkg/database/schema/merchant.sql.go:1145.171,1147.16 2 0
github.com/MamangRust/monolith-payment-gateway-pkg/database/schema/merchant.sql.go:1147.16,1149.3 1 0
github.com/MamangRust/monolith-payment-gateway-pkg/database/schema/merchant.sql.go:1150.2,1152.18 3 0
github.com/MamangRust/monolith-payment-gateway-pkg/database/schema/merchant.sql.go:1152.18,1154.79 2 0
github.com/MamangRust/monolith-payment-gateway-pkg/database/schema/merchant.sql.go:1154.79,1156.4 1 0
github.com/MamangRust/monolith-payment-gateway-pkg/database/schema/merchant.sql.go:1157.3,1157.28 1 0
github.com/MamangRust/monolith-payment-gateway-pkg/database/schema/merchant.sql.go:1159.2,1159.37 1 0
github.com/MamangRust/monolith-payment-gateway-pkg/database/schema/merchant.sql.go:1159.37,1161.3 1 0
github.com/MamangRust/monolith-payment-gateway-pkg/database/schema/merchant.sql.go:1162.2,1162.35 1 0
github.com/MamangRust/monolith-payment-gateway-pkg/database/schema/merchant.sql.go:1162.35,1164.3 1 0
github.com/MamangRust/monolith-payment-gateway-pkg/database/schema/merchant.sql.go:1165.2,1165.19 1 0
github.com/MamangRust/monolith-payment-gateway-pkg/database/schema/merchant.sql.go:1229.141,1231.16 2 0
github.com/MamangRust/monolith-payment-gateway-pkg/database/schema/merchant.sql.go:1231.16,1233.3 1 0
github.com/MamangRust/monolith-payment-gateway-pkg/database/schema/merchant.sql.go:1234.2,1236.18 3 0
github.com/MamangRust/monolith-payment-gateway-pkg/database/schema/merchant.sql.go:1236.18,1238.79 2 0
github.com/MamangRust/monolith-payment-gateway-pkg/database/schema/merchant.sql.go:1238.79,1240.4 1 0
github.com/MamangRust/monolith-payment-gateway-pkg/database/schema/merchant.sql.go:1241.3,1241.28 1 0
github.com/MamangRust/monolith-payment-gateway-pkg/database/schema/merchant.sql.go:1243.2,1243.37 1 0
github.com/MamangRust/monolith-payment-gateway-pkg/database/schema/merchant.sql.go:1243.37,1245.3 1 0
github.com/MamangRust/monolith-payment-gateway-pkg/database/schema/merchant.sql.go:1246.2,1246.35 1 0
github.com/MamangRust/monolith-payment-gateway-pkg/database/schema/merchant.sql.go:1246.35,1248.3 1 0
github.com/MamangRust/monolith-payment-gateway-pkg/database/schema/merchant.sql.go:1249.2,1249.19 1 0
github.com/MamangRust/monolith-payment-gateway-pkg/database/schema/merchant.sql.go:1329.156,1331.16 2 0
github.com/MamangRust/monolith-payment-gateway-pkg/database/schema/merchant.sql.go:1331.16,1333.3 1 0
github.com/MamangRust/monolith-payment-gateway-pkg/database/schema/merchant.sql.go:1334.2,1336.18 3 0
github.com/MamangRust/monolith-payment-gateway-pkg/database/schema/merchant.sql.go:1336.18,1338.70 2 0
github.com/MamangRust/monolith-payment-gateway-pkg/database/schema/merchant.sql.go:1338.70,1340.4 1 0
github.com/MamangRust/monolith-payment-gateway-pkg/database/schema/merchant.sql.go:1341.3,1341.28 1 0
github.com/MamangRust/monolith-payment-gateway-pkg/database/schema/merchant.sql.go:1343.2,1343.37 1 0
github.com/MamangRust/monolith-payment-gateway-pkg/database/schema/merchant.sql.go:1343.37,1345.3 1 0
github.com/MamangRust/monolith-payment-gateway-pkg/database/schema/merchant.sql.go:1346.2,1346.35 1 0
github.com/MamangRust/monolith-payment-gateway-pkg/database/schema/merchant.sql.go:1346.35,1348.3 1 0
github.com/MamangRust/monolith-payment-gateway-pkg/database/schema/merchant.sql.go:1349.2,1349.19 1 0
github.com/MamangRust/monolith-payment-gateway-pkg/database/schema/merchant.sql.go:1429.162,1431.16 2 0
github.com/MamangRust/monolith-payment-gateway-pkg/database/schema/merchant.sql.go:1431.16,1433.3 1 0
github.com/MamangRust/monolith-payment-gateway-pkg/database/schema/merchant.sql.go:1434.2,1436.18 3 0
github.com/MamangRust/monolith-payment-gateway-pkg/database/schema/merchant.sql.go:1436.18,1438.70 2 0
github.com/MamangRust/monolith-payment-gateway-pkg/database/schema/merchant.sql.go:1438.70,1440.4 1 0
github.com/MamangRust/monolith-payment-gateway-pkg/database/schema/merchant.sql.go:1441.3,1441.28 1 0
github.com/MamangRust/monolith-payment-gateway-pkg/database/schema/merchant.sql.go:1443.2,1443.37 1 0
github.com/MamangRust/monolith-payment-gateway-pkg/database/schema/merchant.sql.go:1443.37,1445.3 1 0
github.com/MamangRust/monolith-payment-gateway-pkg/database/schema/merchant.sql.go:1446.2,1446.35 1 0
github.com/MamangRust/monolith-payment-gateway-pkg/database/schema/merchant.sql.go:1446.35,1448.3 1 0
github.com/MamangRust/monolith-payment-gateway-pkg/database/schema/merchant.sql.go:1449.2,1449.19 1 0
github.com/MamangRust/monolith-payment-gateway-pkg/database/schema/merchant.sql.go:1529.135,1531.16 2 0
github.com/MamangRust/monolith-payment-gateway-pkg/database/schema/merchant.sql.go:1531.16,1533.3 1 0
github.com/MamangRust/monolith-payment-gateway-pkg/database/schema/merchant.sql.go:1534.2,1536.18 3 0
github.com/MamangRust/monolith-payment-gateway-pkg/database/schema/merchant.sql.go:1536.18,1538.70 2 0
github.com/MamangRust/monolith-payment-gateway-pkg/database/schema/merchant.sql.go:1538.70,1540.4 1 0
github.com/MamangRust/monolith-payment-gateway-pkg/database/schema/merchant.sql.go:1541.3,1541.28 1 0
github.com/MamangRust/monolith-payment-gateway-pkg/database/schema/merchant.sql.go:1543.2,1543.37 1 0
github.com/MamangRust/monolith-payment-gateway-pkg/database/schema/merchant.sql.go:1543.37,1545.3 1 0
github.com/MamangRust/monolith-payment-gateway-pkg/database/schema/merchant.sql.go:1546.2,1546.35 1 0
github.com/MamangRust/monolith-payment-gateway-pkg/database/schema/merchant.sql.go:1546.35,1548.3 1 0
github.com/MamangRust/monolith-payment-gateway-pkg/database/schema/merchant.sql.go:1549.2,1549.19 1 0
github.com/MamangRust/monolith-payment-gateway-pkg/database/schema/merchant.sql.go:1572.100,1587.2 4 0
github.com/MamangRust/monolith-payment-gateway-pkg/database/schema/merchant.sql.go:1636.126,1638.16 2 0
github.com/MamangRust/monolith-payment-gateway-pkg/database/schema/merchant.sql.go:1638.16,1640.3 1 0
github.com/MamangRust/monolith-payment-gateway-pkg/database/schema/merchant.sql.go:1641.2,1643.18 3 0
github.com/MamangRust/monolith-payment-gateway-pkg/database/schema/merchant.sql.go:1643.18,1656.17 2 0
github.com/MamangRust/monolith-payment-gateway-pkg/database/schema/merchant.sql.go:1656.17,1658.4 1 0
github.com/MamangRust/monolith-payment-gateway-pkg/database/schema/merchant.sql.go:1659.3,1659.28 1 0
github.com/MamangRust/monolith-payment-gateway-pkg/database/schema/merchant.sql.go:1661.2,1661.37 1 0
github.com/MamangRust/monolith-payment-gateway-pkg/database/schema/merchant.sql.go:1661.37,1663.3 1 0
github.com/MamangRust/monolith-payment-gateway-pkg/database/schema/merchant.sql.go:1664.2,1664.35 1 0
github.com/MamangRust/monolith-payment-gateway-pkg/database/schema/merchant.sql.go:1664.35,1666.3 1 0
github.com/MamangRust/monolith-payment-gateway-pkg/database/schema/merchant.sql.go:1667.2,1667.19 1 0
github.com/MamangRust/monolith-payment-gateway-pkg/database/schema/merchant.sql.go:1724.138,1726.16 2 0
github.com/MamangRust/monolith-payment-gateway-pkg/database/schema/merchant.sql.go:1726.16,1728.3 1 0
github.com/MamangRust/monolith-payment-gateway-pkg/database/schema/merchant.sql.go:1729.2,1731.18 3 0
github.com/MamangRust/monolith-payment-gateway-pkg/database/schema/merchant.sql.go:1731.18,1733.60 2 0
github.com/MamangRust/monolith-payment-gateway-pkg/database/schema/merchant.sql.go:1733.60,1735.4 1 0
github.com/MamangRust/monolith-payment-gateway-pkg/database/schema/merchant.sql.go:1736.3,1736.28 1 0
github.com/MamangRust/monolith-payment-gateway-pkg/database/schema/merchant.sql.go:1738.2,1738.37 1 0
github.com/MamangRust/monolith-payment-gateway-pkg/database/schema/merchant.sql.go:1738.37,1740.3 1 0
github.com/MamangRust/monolith-payment-gateway-pkg/database/schema/merchant.sql.go:1741.2,1741.35 1 0
github.com/MamangRust/monolith-payment-gateway-pkg/database/schema/merchant.sql.go:1741.35,1743.3 1 0
github.com/MamangRust/monolith-payment-gateway-pkg/database/schema/merchant.sql.go:1744.2,1744.19 1 0
github.com/MamangRust/monolith-payment-gateway-pkg/database/schema/merchant.sql.go:1801.147,1803.16 2 0
github.com/MamangRust/monolith-payment-gateway-pkg/database/schema/merchant.sql.go:1803.16,1805.3 1 0
github.com/MamangRust/monolith-payment-gateway-pkg/database/schema/merchant.sql.go:1806.2,1808.18 3 0
github.com/MamangRust/monolith-payment-gateway-pkg/database/schema/merchant.sql.go:1808.18,1810.60 2 0
github.com/MamangRust/monolith-payment-gateway-pkg/database/schema/merchant.sql.go:1810.60,1812.4 1 0
github.com/MamangRust/monolith-payment-gateway-pkg/database/schema/merchant.sql.go:1813.3,1813.28 1 0
github.com/MamangRust/monolith-payment-gateway-pkg/database/schema/merchant.sql.go:1815.2,1815.37 1 0
github.com/MamangRust/monolith-payment-gateway-pkg/database/schema/merchant.sql.go:1815.37,1817.3 1 0
github.com/MamangRust/monolith-payment-gateway-pkg/database/schema/merchant.sql.go:1818.2,1818.35 1 0
github.com/MamangRust/monolith-payment-gateway-pkg/database/schema/merchant.sql.go:1818.35,1820.3 1 0
github.com/MamangRust/monolith-payment-gateway-pkg/database/schema/merchant.sql.go:1821.2,1821.19 1 0
github.com/MamangRust/monolith-payment-gateway-pkg/database/schema/merchant.sql.go:1869.125,1871.16 2 0
github.com/MamangRust/monolith-payment-gateway-pkg/database/schema/merchant.sql.go:1871.16,1873.3 1 0
github.com/MamangRust/monolith-payment-gateway-pkg/database/schema/merchant.sql.go:1874.2,1876.18 3 0
github.com/MamangRust/monolith-payment-gateway-pkg/database/schema/merchant.sql.go:1876.18,1878.60 2 0
github.com/MamangRust/monolith-payment-gateway-pkg/database/schema/merchant.sql.go:1878.60,1880.4 1 0
github.com/MamangRust/monolith-payment-gateway-pkg/database/schema/merchant.sql.go:1881.3,1881.28 1 0
github.com/MamangRust/monolith-payment-gateway-pkg/database/schema/merchant.sql.go:1883.2,1883.37 1 0
github.com/MamangRust/monolith-payment-gateway-pkg/database/schema/merchant.sql.go:1883.37,1885.3 1 0
github.com/MamangRust/monolith-payment-gateway-pkg/database/schema/merchant.sql.go:1886.2,1886.35 1 0
github.com/MamangRust/monolith-payment-gateway-pkg/database/schema/merchant.sql.go:1886.35,1888.3 1 0
github.com/MamangRust/monolith-payment-gateway-pkg/database/schema/merchant.sql.go:1889.2,1889.19 1 0
github.com/MamangRust/monolith-payment-gateway-pkg/database/schema/merchant.sql.go:1951.159,1953.16 2 0
github.com/MamangRust/monolith-payment-gateway-pkg/database/schema/merchant.sql.go:1953.16,1955.3 1 0
github.com/MamangRust/monolith-payment-gateway-pkg/database/schema/merchant.sql.go:1956.2,1958.18 3 0
github.com/MamangRust/monolith-payment-gateway-pkg/database/schema/merchant.sql.go:1958.18,1960.78 2 0
github.com/MamangRust/monolith-payment-gateway-pkg/database/schema/merchant.sql.go:1960.78,1962.4 1 0
github.com/MamangRust/monolith-payment-gateway-pkg/database/schema/merchant.sql.go:1963.3,1963.28 1 0
github.com/MamangRust/monolith-payment-gateway-pkg/database/schema/merchant.sql.go:1965.2,1965.37 1 0
github.com/MamangRust/monolith-payment-gateway-pkg/database/schema/merchant.sql.go:1965.37,1967.3 1 0
github.com/MamangRust/monolith-payment-gateway-pkg/database/schema/merchant.sql.go:1968.2,1968.35 1 0
github.com/MamangRust/monolith-payment-gateway-pkg/database/schema/merchant.sql.go:1968.35,1970.3 1 0
github.com/MamangRust/monolith-payment-gateway-pkg/database/schema/merchant.sql.go:1971.2,1971.19 1 0
github.com/MamangRust/monolith-payment-gateway-pkg/database/schema/merchant.sql.go:2033.168,2035.16 2 0
github.com/MamangRust/monolith-payment-gateway-pkg/database/schema/merchant.sql.go:2035.16,2037.3 1 0
github.com/MamangRust/monolith-payment-gateway-pkg/database/schema/merchant.sql.go:2038.2,2040.18 3 0
github.com/MamangRust/monolith-payment-gateway-pkg/database/schema/merchant.sql.go:2040.18,2042.78 2 0
github.com/MamangRust/monolith-payment-gateway-pkg/database/schema/merchant.sql.go:2042.78,2044.4 1 0
github.com/MamangRust/monolith-payment-gateway-pkg/database/schema/merchant.sql.go:2045.3,2045.28 1 0
github.com/MamangRust/monolith-payment-gateway-pkg/database/schema/merchant.sql.go:2047.2,2047.37 1 0
github.com/MamangRust/monolith-payment-gateway-pkg/database/schema/merchant.sql.go:2047.37,2049.3 1 0
github.com/MamangRust/monolith-payment-gateway-pkg/database/schema/merchant.sql.go:2050.2,2050.35 1 0
github.com/MamangRust/monolith-payment-gateway-pkg/database/schema/merchant.sql.go:2050.35,2052.3 1 0
github.com/MamangRust/monolith-payment-gateway-pkg/database/schema/merchant.sql.go:2053.2,2053.19 1 0
github.com/MamangRust/monolith-payment-gateway-pkg/database/schema/merchant.sql.go:2106.139,2108.16 2 0
github.com/MamangRust/monolith-payment-gateway-pkg/database/schema/merchant.sql.go:2108.16,2110.3 1 0
github.com/MamangRust/monolith-payment-gateway-pkg/database/schema/merchant.sql.go:2111.2,2113.18 3 0
github.com/MamangRust/monolith-payment-gateway-pkg/database/schema/merchant.sql.go:2113.18,2115.78 2 0
github.com/MamangRust/monolith-payment-gateway-pkg/database/schema/merchant.sql.go:2115.78,2117.4 1 0
github.com/MamangRust/monolith-payment-gateway-pkg/database/schema/merchant.sql.go:2118.3,2118.28 1 0
github.com/MamangRust/monolith-payment-gateway-pkg/database/schema/merchant.sql.go:2120.2,2120.37 1 0
github.com/MamangRust/monolith-payment-gateway-pkg/database/schema/merchant.sql.go:2120.37,2122.3 1 0
github.com/MamangRust/monolith-payment-gateway-pkg/database/schema/merchant.sql.go:2123.2,2123.35 1 0
github.com/MamangRust/monolith-payment-gateway-pkg/database/schema/merchant.sql.go:2123.35,2125.3 1 0
github.com/MamangRust/monolith-payment-gateway-pkg/database/schema/merchant.sql.go:2126.2,2126.19 1 0
github.com/MamangRust/monolith-payment-gateway-pkg/database/schema/merchant.sql.go:2195.153,2197.16 2 0
github.com/MamangRust/monolith-payment-gateway-pkg/database/schema/merchant.sql.go:2197.16,2199.3 1 0
github.com/MamangRust/monolith-payment-gateway-pkg/database/schema/merchant.sql.go:2200.2,2202.18 3 0
github.com/MamangRust/monolith-payment-gateway-pkg/database/schema/merchant.sql.go:2202.18,2204.60 2 0
github.com/MamangRust/monolith-payment-gateway-pkg/database/schema/merchant.sql.go:2204.60,2206.4 1 0
github.com/MamangRust/monolith-payment-gateway-pkg/database/schema/merchant.sql.go:2207.3,2207.28 1 0
github.com/MamangRust/monolith-payment-gateway-pkg/database/schema/merchant.sql.go:2209.2,2209.37 1 0
github.com/MamangRust/monolith-payment-gateway-pkg/database/schema/merchant.sql.go:2209.37,2211.3 1 0
github.com/MamangRust/monolith-payment-gateway-pkg/database/schema/merchant.sql.go:2212.2,2212.35 1 0
github.com/MamangRust/monolith-payment-gateway-pkg/database/schema/merchant.sql.go:2212.35,2214.3 1 0
github.com/MamangRust/monolith-payment-gateway-pkg/database/schema/merchant.sql.go:2215.2,2215.19 1 0
github.com/MamangRust/monolith-payment-gateway-pkg/database/schema/merchant.sql.go:2284.159,2286.16 2 0
github.com/MamangRust/monolith-payment-gateway-pkg/database/schema/merchant.sql.go:2286.16,2288.3 1 0
github.com/MamangRust/monolith-payment-gateway-pkg/database/schema/merchant.sql.go:2289.2,2291.18 3 0
github.com/MamangRust/monolith-payment-gateway-pkg/database/schema/merchant.sql.go:2291.18,2293.60 2 0
github.com/MamangRust/monolith-payment-gateway-pkg/database/schema/merchant.sql.go:2293.60,2295.4 1 0
github.com/MamangRust/monolith-payment-gateway-pkg/database/schema/merchant.sql.go:2296.3,2296.28 1 0
github.com/MamangRust/monolith-payment-gateway-pkg/database/schema/merchant.sql.go:2298.2,2298.37 1 0
github.com/MamangRust/monolith-payment-gateway-pkg/database/schema/merchant.sql.go:2298.37,2300.3 1 0
github.com/MamangRust/monolith-payment-gateway-pkg/database/schema/merchant.sql.go:2301.2,2301.35 1 0
github.com/MamangRust/monolith-payment-gateway-pkg/database/schema/merchant.sql.go:2301.35,2303.3 1 0
github.com/MamangRust/monolith-payment-gateway-pkg/database/schema/merchant.sql.go:2304.2,2304.19 1 0
github.com/MamangRust/monolith-payment-gateway-pkg/database/schema/merchant.sql.go:2380.129,2382.16 2 0
github.com/MamangRust/monolith-payment-gateway-pkg/database/schema/merchant.sql.go:2382.16,2384.3 1 0
github.com/MamangRust/monolith-payment-gateway-pkg/database/schema/merchant.sql.go:2385.2,2387.18 3 0
github.com/MamangRust/monolith-payment-gateway-pkg/database/schema/merchant.sql.go:2387.18,2389.60 2 0
github.com/MamangRust/monolith-payment-gateway-pkg/database/schema/merchant.sql.go:2389.60,2391.4 1 0
github.com/MamangRust/monolith-payment-gateway-pkg/database/schema/merchant.sql.go:2392.3,2392.28 1 0
github.com/MamangRust/monolith-payment-gateway-pkg/database/schema/merchant.sql.go:2394.2,2394.37 1 0
github.com/MamangRust/monolith-payment-gateway-pkg/database/schema/merchant.sql.go:2394.37,2396.3 1 0
github.com/MamangRust/monolith-payment-gateway-pkg/database/schema/merchant.sql.go:2397.2,2397.35 1 0
github.com/MamangRust/monolith-payment-gateway-pkg/database/schema/merchant.sql.go:2397.35,2399.3 1 0
github.com/MamangRust/monolith-payment-gateway-pkg/database/schema/merchant.sql.go:2400.2,2400.19 1 0
github.com/MamangRust/monolith-payment-gateway-pkg/database/schema/merchant.sql.go:2416.66,2419.2 2 0
github.com/MamangRust/monolith-payment-gateway-pkg/database/schema/merchant.sql.go:2440.93,2455.2 4 0
github.com/MamangRust/monolith-payment-gateway-pkg/database/schema/merchant.sql.go:2477.91,2492.2 4 0
github.com/MamangRust/monolith-payment-gateway-pkg/database/schema/merchant.sql.go:2527.100,2547.2 4 0
github.com/MamangRust/monolith-payment-gateway-pkg/database/schema/merchant.sql.go:2575.112,2590.2 4 0
github.com/MamangRust/monolith-payment-gateway-pkg/database/schema/merchant_document.sql.go:30.124,52.2 4 0
github.com/MamangRust/monolith-payment-gateway-pkg/database/schema/merchant_document.sql.go:59.82,62.2 2 0
github.com/MamangRust/monolith-payment-gateway-pkg/database/schema/merchant_document.sql.go:70.98,73.2 2 0
github.com/MamangRust/monolith-payment-gateway-pkg/database/schema/merchant_document.sql.go:109.147,111.16 2 0
github.com/MamangRust/monolith-payment-gateway-pkg/database/schema/merchant_document.sql.go:111.16,113.3 1 0
github.com/MamangRust/monolith-payment-gateway-pkg/database/schema/merchant_document.sql.go:114.2,116.18 3 0
github.com/MamangRust/monolith-payment-gateway-pkg/database/schema/merchant_document.sql.go:116.18,130.17 2 0
github.com/MamangRust/monolith-payment-gateway-pkg/database/schema/merchant_document.sql.go:130.17,132.4 1 0
github.com/MamangRust/monolith-payment-gateway-pkg/database/schema/merchant_document.sql.go:133.3,133.28 1 0
github.com/MamangRust/monolith-payment-gateway-pkg/database/schema/merchant_document.sql.go:135.2,135.37 1 0
github.com/MamangRust/monolith-payment-gateway-pkg/database/schema/merchant_document.sql.go:135.37,137.3 1 0
github.com/MamangRust/monolith-payment-gateway-pkg/database/schema/merchant_document.sql.go:138.2,138.35 1 0
github.com/MamangRust/monolith-payment-gateway-pkg/database/schema/merchant_document.sql.go:138.35,140.3 1 0
github.com/MamangRust/monolith-payment-gateway-pkg/database/schema/merchant_document.sql.go:141.2,141.19 1 0
github.com/MamangRust/monolith-payment-gateway-pkg/database/schema/merchant_document.sql.go:150.105,166.2 4 0
github.com/MamangRust/monolith-payment-gateway-pkg/database/schema/merchant_document.sql.go:202.129,204.16 2 0
github.com/MamangRust/monolith-payment-gateway-pkg/database/schema/merchant_document.sql.go:204.16,206.3 1 0
github.com/MamangRust/monolith-payment-gateway-pkg/database/schema/merchant_document.sql.go:207.2,209.18 3 0
github.com/MamangRust/monolith-payment-gateway-pkg/database/schema/merchant_document.sql.go:209.18,223.17 2 0
github.com/MamangRust/monolith-payment-gateway-pkg/database/schema/merchant_document.sql.go:223.17,225.4 1 0
github.com/MamangRust/monolith-payment-gateway-pkg/database/schema/merchant_document.sql.go:226.3,226.28 1 0
github.com/MamangRust/monolith-payment-gateway-pkg/database/schema/merchant_document.sql.go:228.2,228.37 1 0
github.com/MamangRust/monolith-payment-gateway-pkg/database/schema/merchant_document.sql.go:228.37,230.3 1 0
github.com/MamangRust/monolith-payment-gateway-pkg/database/schema/merchant_document.sql.go:231.2,231.35 1 0
github.com/MamangRust/monolith-payment-gateway-pkg/database/schema/merchant_document.sql.go:231.35,233.3 1 0
github.com/MamangRust/monolith-payment-gateway-pkg/database/schema/merchant_document.sql.go:234.2,234.19 1 0
github.com/MamangRust/monolith-payment-gateway-pkg/database/schema/merchant_document.sql.go:271.150,273.16 2 0
github.com/MamangRust/monolith-payment-gateway-pkg/database/schema/merchant_document.sql.go:273.16,275.3 1 0
github.com/MamangRust/monolith-payment-gateway-pkg/database/schema/merchant_document.sql.go:276.2,278.18 3 0
github.com/MamangRust/monolith-payment-gateway-pkg/database/schema/merchant_document.sql.go:278.18,292.17 2 0
github.com/MamangRust/monolith-payment-gateway-pkg/database/schema/merchant_document.sql.go:292.17,294.4 1 0
github.com/MamangRust/monolith-payment-gateway-pkg/database/schema/merchant_document.sql.go:295.3,295.28 1 0
github.com/MamangRust/monolith-payment-gateway-pkg/database/schema/merchant_document.sql.go:297.2,297.37 1 0
github.com/MamangRust/monolith-payment-gateway-pkg/database/schema/merchant_document.sql.go:297.37,299.3 1 0
github.com/MamangRust/monolith-payment-gateway-pkg/database/schema/merchant_document.sql.go:300.2,300.35 1 0
github.com/MamangRust/monolith-payment-gateway-pkg/database/schema/merchant_document.sql.go:300.35,302.3 1 0
github.com/MamangRust/monolith-payment-gateway-pkg/database/schema/merchant_document.sql.go:303.2,303.19 1 0
github.com/MamangRust/monolith-payment-gateway-pkg/database/schema/merchant_document.sql.go:312.74,315.2 2 0
github.com/MamangRust/monolith-payment-gateway-pkg/database/schema/merchant_document.sql.go:326.109,342.2 4 0
github.com/MamangRust/monolith-payment-gateway-pkg/database/schema/merchant_document.sql.go:353.107,369.2 4 0
github.com/MamangRust/monolith-payment-gateway-pkg/database/schema/merchant_document.sql.go:392.124,414.2 4 0
github.com/MamangRust/monolith-payment-gateway-pkg/database/schema/merchant_document.sql.go:433.136,449.2 4 0
github.com/MamangRust/monolith-payment-gateway-pkg/database/schema/refresh_token.sql.go:38.112,51.2 4 0
github.com/MamangRust/monolith-payment-gateway-pkg/database/schema/refresh_token.sql.go:68.79,71.2 2 0
github.com/MamangRust/monolith-payment-gateway-pkg/database/schema/refresh_token.sql.go:88.87,91.2 2 0
github.com/MamangRust/monolith-payment-gateway-pkg/database/schema/refresh_token.sql.go:110.101,123.2 4 0
github.com/MamangRust/monolith-payment-gateway-pkg/database/schema/refresh_token.sql.go:155.102,168.2 4 0
github.com/MamangRust/monolith-payment-gateway-pkg/database/schema/refresh_token.sql.go:196.128,209.2 4 0
github.com/MamangRust/monolith-payment-gateway-pkg/database/schema/reset_token.sql.go:25.106,35.2 4 0
github.com/MamangRust/monolith-payment-gateway-pkg/database/schema/reset_token.sql.go:42.77,45.2 2 0
github.com/MamangRust/monolith-payment-gateway-pkg/database/schema/reset_token.sql.go:52.89,62.2 4 0
github.com/MamangRust/monolith-payment-gateway-pkg/database/schema/role.sql.go:39.83,50.2 4 0
github.com/MamangRust/monolith-payment-gateway-pkg/database/schema/role.sql.go:61.70,64.2 2 0
github.com/MamangRust/monolith-payment-gateway-pkg/database/schema/role.sql.go:78.80,81.2 2 0
github.com/MamangRust/monolith-payment-gateway-pkg/database/schema/role.sql.go:127.111,129.16 2 0
github.com/MamangRust/monolith-payment-gateway-pkg/database/schema/role.sql.go:129.16,131.3 1 0
github.com/MamangRust/monolith-payment-gateway-pkg/database/schema/role.sql.go:132.2,134.18 3 0
github.com/MamangRust/monolith-payment-gateway-pkg/database/schema/role.sql.go:134.18,143.17 2 0
github.com/MamangRust/monolith-payment-gateway-pkg/database/schema/role.sql.go:143.17,145.4 1 0
github.com/MamangRust/monolith-payment-gateway-pkg/database/schema/role.sql.go:146.3,146.28 1 0
github.com/MamangRust/monolith-payment-gateway-pkg/database/schema/role.sql.go:148.2,148.37 1 0
github.com/MamangRust/monolith-payment-gateway-pkg/database/schema/role.sql.go:148.37,150.3 1 0
github.com/MamangRust/monolith-payment-gateway-pkg/database/schema/role.sql.go:151.2,151.35 1 0
github.com/MamangRust/monolith-payment-gateway-pkg/database/schema/role.sql.go:151.35,153.3 1 0
github.com/MamangRust/monolith-payment-gateway-pkg/database/schema/role.sql.go:154.2,154.19 1 0
github.com/MamangRust/monolith-payment-gateway-pkg/database/schema/role.sql.go:179.77,190.2 4 0
github.com/MamangRust/monolith-payment-gateway-pkg/database/schema/role.sql.go:214.86,225.2 4 0
github.com/MamangRust/monolith-payment-gateway-pkg/database/schema/role.sql.go:275.93,277.16 2 0
github.com/MamangRust/monolith-payment-gateway-pkg/database/schema/role.sql.go:277.16,279.3 1 0
github.com/MamangRust/monolith-payment-gateway-pkg/database/schema/role.sql.go:280.2,282.18 3 0
github.com/MamangRust/monolith-payment-gateway-pkg/database/schema/role.sql.go:282.18,291.17 2 0
github.com/MamangRust/monolith-payment-gateway-pkg/database/schema/role.sql.go:291.17,293.4 1 0
github.com/MamangRust/monolith-payment-gateway-pkg/database/schema/role.sql.go:294.3,294.28 1 0
github.com/MamangRust/monolith-payment-gateway-pkg/database/schema/role.sql.go:296.2,296.37 1 0
github.com/MamangRust/monolith-payment-gateway-pkg/database/schema/role.sql.go:296.37,298.3 1 0
github.com/MamangRust/monolith-payment-gateway-pkg/database/schema/role.sql.go:299.2,299.35 1 0
github.com/MamangRust/monolith-payment-gateway-pkg/database/schema/role.sql.go:299.35,301.3 1 0
github.com/MamangRust/monolith-payment-gateway-pkg/database/schema/role.sql.go:302.2,302.19 1 0
github.com/MamangRust/monolith-payment-gateway-pkg/database/schema/role.sql.go:349.114,351.16 2 0
github.com/MamangRust/monolith-payment-gateway-pkg/database/schema/role.sql.go:351.16,353.3 1 0
github.com/MamangRust/monolith-payment-gateway-pkg/database/schema/role.sql.go:354.2,356.18 3 0
github.com/MamangRust/monolith-payment-gateway-pkg/database/schema/role.sql.go:356.18,365.17 2 0
github.com/MamangRust/monolith-payment-gateway-pkg/database/schema/role.sql.go:365.17,367.4 1 0
github.com/MamangRust/monolith-payment-gateway-pkg/database/schema/role.sql.go:368.3,368.28 1 0
github.com/MamangRust/monolith-payment-gateway-pkg/database/schema/role.sql.go:370.2,370.37 1 0
github.com/MamangRust/monolith-payment-gateway-pkg/database/schema/role.sql.go:370.37,372.3 1 0
github.com/MamangRust/monolith-payment-gateway-pkg/database/schema/role.sql.go:373.2,373.35 1 0
github.com/MamangRust/monolith-payment-gateway-pkg/database/schema/role.sql.go:373.35,375.3 1 0
github.com/MamangRust/monolith-payment-gateway-pkg/database/schema/role.sql.go:376.2,376.19 1 0
github.com/MamangRust/monolith-payment-gateway-pkg/database/schema/role.sql.go:405.84,407.16 2 0
github.com/MamangRust/monolith-payment-gateway-pkg/database/schema/role.sql.go:407.16,409.3 1 0
github.com/MamangRust/monolith-payment-gateway-pkg/database/schema/role.sql.go:410.2,412.18 3 0
github.com/MamangRust/monolith-payment-gateway-pkg/database/schema/role.sql.go:412.18,420.17 2 0
github.com/MamangRust/monolith-payment-gateway-pkg/database/schema/role.sql.go:420.17,422.4 1 0
github.com/MamangRust/monolith-payment-gateway-pkg/database/schema/role.sql.go:423.3,423.28 1 0
github.com/MamangRust/monolith-payment-gateway-pkg/database/schema/role.sql.go:425.2,425.37 1 0
github.com/MamangRust/monolith-payment-gateway-pkg/database/schema/role.sql.go:425.37,427.3 1 0
github.com/MamangRust/monolith-payment-gateway-pkg/database/schema/role.sql.go:428.2,428.35 1 0
github.com/MamangRust/monolith-payment-gateway-pkg/database/schema/role.sql.go:428.35,430.3 1 0
github.com/MamangRust/monolith-payment-gateway-pkg/database/schema/role.sql.go:431.2,431.19 1 0
github.com/MamangRust/monolith-payment-gateway-pkg/database/schema/role.sql.go:445.62,448.2 2 0
github.com/MamangRust/monolith-payment-gateway-pkg/database/schema/role.sql.go:464.81,475.2 4 0
github.com/MamangRust/monolith-payment-gateway-pkg/database/schema/role.sql.go:491.79,502.2 4 0
github.com/MamangRust/monolith-payment-gateway-pkg/database/schema/role.sql.go:534.88,545.2 4 0
github.com/MamangRust/monolith-payment-gateway-pkg/database/schema/saldo.sql.go:49.91,63.2 4 0
github.com/MamangRust/monolith-payment-gateway-pkg/database/schema/saldo.sql.go:77.71,80.2 2 0
github.com/MamangRust/monolith-payment-gateway-pkg/database/schema/saldo.sql.go:96.84,99.2 2 0
github.com/MamangRust/monolith-payment-gateway-pkg/database/schema/saldo.sql.go:146.114,148.16 2 0
github.com/MamangRust/monolith-payment-gateway-pkg/database/schema/saldo.sql.go:148.16,150.3 1 0
github.com/MamangRust/monolith-payment-gateway-pkg/database/schema/saldo.sql.go:151.2,153.18 3 0
github.com/MamangRust/monolith-payment-gateway-pkg/database/schema/saldo.sql.go:153.18,165.17 2 0
github.com/MamangRust/monolith-payment-gateway-pkg/database/schema/saldo.sql.go:165.17,167.4 1 0
github.com/MamangRust/monolith-payment-gateway-pkg/database/schema/saldo.sql.go:168.3,168.28 1 0
github.com/MamangRust/monolith-payment-gateway-pkg/database/schema/saldo.sql.go:170.2,170.37 1 0
github.com/MamangRust/monolith-payment-gateway-pkg/database/schema/saldo.sql.go:170.37,172.3 1 0
github.com/MamangRust/monolith-payment-gateway-pkg/database/schema/saldo.sql.go:173.2,173.35 1 0
github.com/MamangRust/monolith-payment-gateway-pkg/database/schema/saldo.sql.go:173.35,175.3 1 0
github.com/MamangRust/monolith-payment-gateway-pkg/database/schema/saldo.sql.go:176.2,176.19 1 0
github.com/MamangRust/monolith-payment-gateway-pkg/database/schema/saldo.sql.go:225.123,227.16 2 0
github.com/MamangRust/monolith-payment-gateway-pkg/database/schema/saldo.sql.go:227.16,229.3 1 0
github.com/MamangRust/monolith-payment-gateway-pkg/database/schema/saldo.sql.go:230.2,232.18 3 0
github.com/MamangRust/monolith-payment-gateway-pkg/database/schema/saldo.sql.go:232.18,234.62 2 0
github.com/MamangRust/monolith-payment-gateway-pkg/database/schema/saldo.sql.go:234.62,236.4 1 0
github.com/MamangRust/monolith-payment-gateway-pkg/database/schema/saldo.sql.go:237.3,237.28 1 0
github.com/MamangRust/monolith-payment-gateway-pkg/database/schema/saldo.sql.go:239.2,239.37 1 0
github.com/MamangRust/monolith-payment-gateway-pkg/database/schema/saldo.sql.go:239.37,241.3 1 0
github.com/MamangRust/monolith-payment-gateway-pkg/database/schema/saldo.sql.go:242.2,242.35 1 0
github.com/MamangRust/monolith-payment-gateway-pkg/database/schema/saldo.sql.go:242.35,244.3 1 0
github.com/MamangRust/monolith-payment-gateway-pkg/database/schema/saldo.sql.go:245.2,245.19 1 0
github.com/MamangRust/monolith-payment-gateway-pkg/database/schema/saldo.sql.go:339.150,346.16 2 0
github.com/MamangRust/monolith-payment-gateway-pkg/database/schema/saldo.sql.go:346.16,348.3 1 0
github.com/MamangRust/monolith-payment-gateway-pkg/database/schema/saldo.sql.go:349.2,351.18 3 0
github.com/MamangRust/monolith-payment-gateway-pkg/database/schema/saldo.sql.go:351.18,353.71 2 0
github.com/MamangRust/monolith-payment-gateway-pkg/database/schema/saldo.sql.go:353.71,355.4 1 0
github.com/MamangRust/monolith-payment-gateway-pkg/database/schema/saldo.sql.go:356.3,356.28 1 0
github.com/MamangRust/monolith-payment-gateway-pkg/database/schema/saldo.sql.go:358.2,358.37 1 0
github.com/MamangRust/monolith-payment-gateway-pkg/database/schema/saldo.sql.go:358.37,360.3 1 0
github.com/MamangRust/monolith-payment-gateway-pkg/database/schema/saldo.sql.go:361.2,361.35 1 0
github.com/MamangRust/monolith-payment-gateway-pkg/database/schema/saldo.sql.go:361.35,363.3 1 0
github.com/MamangRust/monolith-payment-gateway-pkg/database/schema/saldo.sql.go:364.2,364.19 1 0
github.com/MamangRust/monolith-payment-gateway-pkg/database/schema/saldo.sql.go:384.96,398.2 4 0
github.com/MamangRust/monolith-payment-gateway-pkg/database/schema/saldo.sql.go:417.84,431.2 4 0
github.com/MamangRust/monolith-payment-gateway-pkg/database/schema/saldo.sql.go:479.96,481.16 2 0
github.com/MamangRust/monolith-payment-gateway-pkg/database/schema/saldo.sql.go:481.16,483.3 1 0
github.com/MamangRust/monolith-payment-gateway-pkg/database/schema/saldo.sql.go:484.2,486.18 3 0
github.com/MamangRust/monolith-payment-gateway-pkg/database/schema/saldo.sql.go:486.18,498.17 2 0
github.com/MamangRust/monolith-payment-gateway-pkg/database/schema/saldo.sql.go:498.17,500.4 1 0
github.com/MamangRust/monolith-payment-gateway-pkg/database/schema/saldo.sql.go:501.3,501.28 1 0
github.com/MamangRust/monolith-payment-gateway-pkg/database/schema/saldo.sql.go:503.2,503.37 1 0
github.com/MamangRust/monolith-payment-gateway-pkg/database/schema/saldo.sql.go:503.37,505.3 1 0
github.com/MamangRust/monolith-payment-gateway-pkg/database/schema/saldo.sql.go:506.2,506.35 1 0
github.com/MamangRust/monolith-payment-gateway-pkg/database/schema/saldo.sql.go:506.35,508.3 1 0
github.com/MamangRust/monolith-payment-gateway-pkg/database/schema/saldo.sql.go:509.2,509.19 1 0
github.com/MamangRust/monolith-payment-gateway-pkg/database/schema/saldo.sql.go:530.91,544.2 4 0
github.com/MamangRust/monolith-payment-gateway-pkg/database/schema/saldo.sql.go:591.117,593.16 2 0
github.com/MamangRust/monolith-payment-gateway-pkg/database/schema/saldo.sql.go:593.16,595.3 1 0
github.com/MamangRust/monolith-payment-gateway-pkg/database/schema/saldo.sql.go:596.2,598.18 3 0
github.com/MamangRust/monolith-payment-gateway-pkg/database/schema/saldo.sql.go:598.18,610.17 2 0
github.com/MamangRust/monolith-payment-gateway-pkg/database/schema/saldo.sql.go:610.17,612.4 1 0
github.com/MamangRust/monolith-payment-gateway-pkg/database/schema/saldo.sql.go:613.3,613.28 1 0
github.com/MamangRust/monolith-payment-gateway-pkg/database/schema/saldo.sql.go:615.2,615.37 1 0
[...]
github.com/MamangRust/monolith-payment-gateway-pkg/database/seeder/saldo.go:57.17,60.4 2 0
github.com/MamangRust/monolith-payment-gateway-pkg/database/seeder/saldo.go:61.3,61.18 1 0
github.com/MamangRust/monolith-payment-gateway-pkg/database/seeder/saldo.go:61.18,63.12 2 0
github.com/MamangRust/monolith-payment-gateway-pkg/database/seeder/saldo.go:65.3,65.31 1 0
github.com/MamangRust/monolith-payment-gateway-pkg/database/seeder/saldo.go:68.2,68.30 1 0
github.com/MamangRust/monolith-payment-gateway-pkg/database/seeder/saldo.go:68.30,71.3 2 0
github.com/MamangRust/monolith-payment-gateway-pkg/database/seeder/saldo.go:73.2,73.29 1 0
github.com/MamangRust/monolith-payment-gateway-pkg/database/seeder/saldo.go:73.29,80.17 3 0
github.com/MamangRust/monolith-payment-gateway-pkg/database/seeder/saldo.go:80.17,83.4 2 0
github.com/MamangRust/monolith-payment-gateway-pkg/database/seeder/saldo.go:85.3,85.24 1 0
github.com/MamangRust/monolith-payment-gateway-pkg/database/seeder/saldo.go:85.24,87.18 2 0
github.com/MamangRust/monolith-payment-gateway-pkg/database/seeder/saldo.go:87.18,90.5 2 0
github.com/MamangRust/monolith-payment-gateway-pkg/database/seeder/saldo.go:94.2,99.12 2 0
github.com/MamangRust/monolith-payment-gateway-pkg/database/seeder/seed.go:49.35,61.2 1 0
github.com/MamangRust/monolith-payment-gateway-pkg/database/seeder/seed.go:82.30,83.62 1 0
github.com/MamangRust/monolith-payment-gateway-pkg/database/seeder/seed.go:83.62,85.3 1 0
github.com/MamangRust/monolith-payment-gateway-pkg/database/seeder/seed.go:87.2,87.62 1 0
github.com/MamangRust/monolith-payment-gateway-pkg/database/seeder/seed.go:87.62,89.3 1 0
github.com/MamangRust/monolith-payment-gateway-pkg/database/seeder/seed.go:91.2,91.62 1 0
github.com/MamangRust/monolith-payment-gateway-pkg/database/seeder/seed.go:91.62,93.3 1 0
github.com/MamangRust/monolith-payment-gateway-pkg/database/seeder/seed.go:95.2,95.63 1 0
github.com/MamangRust/monolith-payment-gateway-pkg/database/seeder/seed.go:95.63,97.3 1 0
github.com/MamangRust/monolith-payment-gateway-pkg/database/seeder/seed.go:99.2,99.64 1 0
github.com/MamangRust/monolith-payment-gateway-pkg/database/seeder/seed.go:99.64,101.3 1 0
github.com/MamangRust/monolith-payment-gateway-pkg/database/seeder/seed.go:103.2,103.72 1 0
github.com/MamangRust/monolith-payment-gateway-pkg/database/seeder/seed.go:103.72,105.3 1 0
github.com/MamangRust/monolith-payment-gateway-pkg/database/seeder/seed.go:107.2,107.70 1 0
github.com/MamangRust/monolith-payment-gateway-pkg/database/seeder/seed.go:107.70,109.3 1 0
github.com/MamangRust/monolith-payment-gateway-pkg/database/seeder/seed.go:111.2,111.70 1 0
github.com/MamangRust/monolith-payment-gateway-pkg/database/seeder/seed.go:111.70,113.3 1 0
github.com/MamangRust/monolith-payment-gateway-pkg/database/seeder/seed.go:115.2,115.76 1 0
github.com/MamangRust/monolith-payment-gateway-pkg/database/seeder/seed.go:115.76,117.3 1 0
github.com/MamangRust/monolith-payment-gateway-pkg/database/seeder/seed.go:119.2,119.12 1 0
github.com/MamangRust/monolith-payment-gateway-pkg/database/seeder/seed.go:136.80,137.35 1 0
github.com/MamangRust/monolith-payment-gateway-pkg/database/seeder/seed.go:137.35,139.3 1 0
github.com/MamangRust/monolith-payment-gateway-pkg/database/seeder/seed.go:141.2,142.12 2 0
github.com/MamangRust/monolith-payment-gateway-pkg/database/seeder/topup.go:31.102,37.2 1 0
github.com/MamangRust/monolith-payment-gateway-pkg/database/seeder/topup.go:50.36,57.36 5 0
github.com/MamangRust/monolith-payment-gateway-pkg/database/seeder/topup.go:57.36,59.17 2 0
github.com/MamangRust/monolith-payment-gateway-pkg/database/seeder/topup.go:59.17,62.4 2 0
github.com/MamangRust/monolith-payment-gateway-pkg/database/seeder/topup.go:64.3,64.22 1 0
github.com/MamangRust/monolith-payment-gateway-pkg/database/seeder/topup.go:64.22,66.12 2 0
github.com/MamangRust/monolith-payment-gateway-pkg/database/seeder/topup.go:68.3,68.35 1 0
github.com/MamangRust/monolith-payment-gateway-pkg/database/seeder/topup.go:71.2,71.30 1 0
github.com/MamangRust/monolith-payment-gateway-pkg/database/seeder/topup.go:71.30,74.3 2 0
github.com/MamangRust/monolith-payment-gateway-pkg/database/seeder/topup.go:76.2,81.26 5 0
github.com/MamangRust/monolith-payment-gateway-pkg/database/seeder/topup.go:81.26,83.3 1 0
github.com/MamangRust/monolith-payment-gateway-pkg/database/seeder/topup.go:85.2,85.35 1 0
github.com/MamangRust/monolith-payment-gateway-pkg/database/seeder/topup.go:85.35,100.17 7 0
github.com/MamangRust/monolith-payment-gateway-pkg/database/seeder/topup.go:100.17,103.4 2 0
github.com/MamangRust/monolith-payment-gateway-pkg/database/seeder/topup.go:105.3,110.17 3 0
github.com/MamangRust/monolith-payment-gateway-pkg/database/seeder/topup.go:110.17,113.4 2 0
github.com/MamangRust/monolith-payment-gateway-pkg/database/seeder/topup.go:115.3,115.24 1 0
github.com/MamangRust/monolith-payment-gateway-pkg/database/seeder/topup.go:115.24,117.18 2 0
github.com/MamangRust/monolith-payment-gateway-pkg/database/seeder/topup.go:117.18,120.5 2 0
github.com/MamangRust/monolith-payment-gateway-pkg/database/seeder/topup.go:124.2,125.12 2 0
github.com/MamangRust/monolith-payment-gateway-pkg/database/seeder/transaction.go:31.114,37.2 1 0
github.com/MamangRust/monolith-payment-gateway-pkg/database/seeder/transaction.go:50.42,59.30 7 0
github.com/MamangRust/monolith-payment-gateway-pkg/database/seeder/transaction.go:59.30,61.17 2 0
github.com/MamangRust/monolith-payment-gateway-pkg/database/seeder/transaction.go:61.17,64.4 2 0
github.com/MamangRust/monolith-payment-gateway-pkg/database/seeder/transaction.go:65.3,65.18 1 0
github.com/MamangRust/monolith-payment-gateway-pkg/database/seeder/transaction.go:65.18,67.12 2 0
github.com/MamangRust/monolith-payment-gateway-pkg/database/seeder/transaction.go:69.3,69.31 1 0
github.com/MamangRust/monolith-payment-gateway-pkg/database/seeder/transaction.go:72.2,72.24 1 0
github.com/MamangRust/monolith-payment-gateway-pkg/database/seeder/transaction.go:72.24,75.3 2 0
github.com/MamangRust/monolith-payment-gateway-pkg/database/seeder/transaction.go:77.2,82.16 2 0
github.com/MamangRust/monolith-payment-gateway-pkg/database/seeder/transaction.go:82.16,85.3 2 0
github.com/MamangRust/monolith-payment-gateway-pkg/database/seeder/transaction.go:87.2,87.28 1 0
github.com/MamangRust/monolith-payment-gateway-pkg/database/seeder/transaction.go:87.28,90.3 2 0
github.com/MamangRust/monolith-payment-gateway-pkg/database/seeder/transaction.go:92.2,94.26 3 0
github.com/MamangRust/monolith-payment-gateway-pkg/database/seeder/transaction.go:94.26,96.3 1 0
github.com/MamangRust/monolith-payment-gateway-pkg/database/seeder/transaction.go:98.2,98.29 1 0
github.com/MamangRust/monolith-payment-gateway-pkg/database/seeder/transaction.go:98.29,116.17 9 0
github.com/MamangRust/monolith-payment-gateway-pkg/database/seeder/transaction.go:116.17,119.4 2 0
github.com/MamangRust/monolith-payment-gateway-pkg/database/seeder/transaction.go:121.3,125.17 2 0
github.com/MamangRust/monolith-payment-gateway-pkg/database/seeder/transaction.go:125.17,128.4 2 0
github.com/MamangRust/monolith-payment-gateway-pkg/database/seeder/transaction.go:130.3,130.18 1 0
github.com/MamangRust/monolith-payment-gateway-pkg/database/seeder/transaction.go:130.18,132.18 2 0
github.com/MamangRust/monolith-payment-gateway-pkg/database/seeder/transaction.go:132.18,135.5 2 0
github.com/MamangRust/monolith-payment-gateway-pkg/database/seeder/transaction.go:139.2,140.12 2 0
github.com/MamangRust/monolith-payment-gateway-pkg/database/seeder/transfer.go:31.108,37.2 1 0
github.com/MamangRust/monolith-payment-gateway-pkg/database/seeder/transfer.go:51.39,57.30 5 0
github.com/MamangRust/monolith-payment-gateway-pkg/database/seeder/transfer.go:57.30,59.17 2 0
github.com/MamangRust/monolith-payment-gateway-pkg/database/seeder/transfer.go:59.17,61.12 2 0
github.com/MamangRust/monolith-payment-gateway-pkg/database/seeder/transfer.go:63.3,63.18 1 0
github.com/MamangRust/monolith-payment-gateway-pkg/database/seeder/transfer.go:63.18,65.4 1 0
github.com/MamangRust/monolith-payment-gateway-pkg/database/seeder/transfer.go:68.2,68.20 1 0
github.com/MamangRust/monolith-payment-gateway-pkg/database/seeder/transfer.go:68.20,71.3 2 0
github.com/MamangRust/monolith-payment-gateway-pkg/database/seeder/transfer.go:73.2,77.26 4 0
github.com/MamangRust/monolith-payment-gateway-pkg/database/seeder/transfer.go:77.26,79.3 1 0
github.com/MamangRust/monolith-payment-gateway-pkg/database/seeder/transfer.go:81.2,81.29 1 0
github.com/MamangRust/monolith-payment-gateway-pkg/database/seeder/transfer.go:81.29,84.28 3 0
github.com/MamangRust/monolith-payment-gateway-pkg/database/seeder/transfer.go:84.28,86.4 1 0
github.com/MamangRust/monolith-payment-gateway-pkg/database/seeder/transfer.go:88.3,105.17 9 0
github.com/MamangRust/monolith-payment-gateway-pkg/database/seeder/transfer.go:105.17,108.4 2 0
github.com/MamangRust/monolith-payment-gateway-pkg/database/seeder/transfer.go:110.3,110.18 1 0
github.com/MamangRust/monolith-payment-gateway-pkg/database/seeder/transfer.go:110.18,112.18 2 0
github.com/MamangRust/monolith-payment-gateway-pkg/database/seeder/transfer.go:112.18,115.5 2 0
github.com/MamangRust/monolith-payment-gateway-pkg/database/seeder/transfer.go:119.2,124.12 2 0
github.com/MamangRust/monolith-payment-gateway-pkg/database/seeder/user.go:35.124,42.2 1 0
github.com/MamangRust/monolith-payment-gateway-pkg/database/seeder/user.go:56.35,74.35 5 0
github.com/MamangRust/monolith-payment-gateway-pkg/database/seeder/user.go:74.35,78.17 3 0
github.com/MamangRust/monolith-payment-gateway-pkg/database/seeder/user.go:78.17,81.4 2 0
github.com/MamangRust/monolith-payment-gateway-pkg/database/seeder/user.go:83.3,93.17 3 0
github.com/MamangRust/monolith-payment-gateway-pkg/database/seeder/user.go:93.17,96.4 2 0
github.com/MamangRust/monolith-payment-gateway-pkg/database/seeder/user.go:98.3,100.17 3 0
github.com/MamangRust/monolith-payment-gateway-pkg/database/seeder/user.go:100.17,103.4 2 0
github.com/MamangRust/monolith-payment-gateway-pkg/database/seeder/user.go:105.3,109.17 2 0
github.com/MamangRust/monolith-payment-gateway-pkg/database/seeder/user.go:109.17,112.4 2 0
github.com/MamangRust/monolith-payment-gateway-pkg/database/seeder/user.go:114.3,114.22 1 0
github.com/MamangRust/monolith-payment-gateway-pkg/database/seeder/user.go:114.22,116.18 2 0
github.com/MamangRust/monolith-payment-gateway-pkg/database/seeder/user.go:116.18,119.5 2 0
github.com/MamangRust/monolith-payment-gateway-pkg/database/seeder/user.go:123.2,125.12 2 0
github.com/MamangRust/monolith-payment-gateway-pkg/database/seeder/withdraw.go:31.108,37.2 1 0
github.com/MamangRust/monolith-payment-gateway-pkg/database/seeder/withdraw.go:51.39,57.30 5 0
github.com/MamangRust/monolith-payment-gateway-pkg/database/seeder/withdraw.go:57.30,59.17 2 0
github.com/MamangRust/monolith-payment-gateway-pkg/database/seeder/withdraw.go:59.17,61.12 2 0
github.com/MamangRust/monolith-payment-gateway-pkg/database/seeder/withdraw.go:63.3,63.18 1 0
github.com/MamangRust/monolith-payment-gateway-pkg/database/seeder/withdraw.go:63.18,65.4 1 0
github.com/MamangRust/monolith-payment-gateway-pkg/database/seeder/withdraw.go:68.2,68.24 1 0
github.com/MamangRust/monolith-payment-gateway-pkg/database/seeder/withdraw.go:68.24,71.3 2 0
github.com/MamangRust/monolith-payment-gateway-pkg/database/seeder/withdraw.go:73.2,77.26 4 0
github.com/MamangRust/monolith-payment-gateway-pkg/database/seeder/withdraw.go:77.26,79.3 1 0
github.com/MamangRust/monolith-payment-gateway-pkg/database/seeder/withdraw.go:81.2,81.29 1 0
github.com/MamangRust/monolith-payment-gateway-pkg/database/seeder/withdraw.go:81.29,95.17 7 0
github.com/MamangRust/monolith-payment-gateway-pkg/database/seeder/withdraw.go:95.17,98.4 2 0
github.com/MamangRust/monolith-payment-gateway-pkg/database/seeder/withdraw.go:100.3,104.17 2 0
github.com/MamangRust/monolith-payment-gateway-pkg/database/seeder/withdraw.go:104.17,107.4 2 0
github.com/MamangRust/monolith-payment-gateway-pkg/database/seeder/withdraw.go:109.3,109.18 1 0
github.com/MamangRust/monolith-payment-gateway-pkg/database/seeder/withdraw.go:109.18,111.18 2 0
github.com/MamangRust/monolith-payment-gateway-pkg/database/seeder/withdraw.go:111.18,114.5 2 0
github.com/MamangRust/monolith-payment-gateway-pkg/database/seeder/withdraw.go:118.2,123.12 2 0
github.com/MamangRust/monolith-payment-gateway-pkg/logger/mocks/logger.go:32.75,36.2 3 0
github.com/MamangRust/monolith-payment-gateway-pkg/logger/mocks/logger.go:39.73,41.2 1 0
github.com/MamangRust/monolith-payment-gateway-pkg/logger/mocks/logger.go:44.74,47.27 3 0
github.com/MamangRust/monolith-payment-gateway-pkg/logger/mocks/logger.go:47.27,49.3 1 0
github.com/MamangRust/monolith-payment-gateway-pkg/logger/mocks/logger.go:50.2,50.37 1 0
github.com/MamangRust/monolith-payment-gateway-pkg/logger/mocks/logger.go:54.91,58.2 3 0
github.com/MamangRust/monolith-payment-gateway-pkg/logger/mocks/logger.go:61.74,64.27 3 0
github.com/MamangRust/monolith-payment-gateway-pkg/logger/mocks/logger.go:64.27,66.3 1 0
github.com/MamangRust/monolith-payment-gateway-pkg/logger/mocks/logger.go:67.2,67.37 1 0
github.com/MamangRust/monolith-payment-gateway-pkg/logger/mocks/logger.go:71.91,75.2 3 0
github.com/MamangRust/monolith-payment-gateway-pkg/logger/mocks/logger.go:78.74,81.27 3 0
github.com/MamangRust/monolith-payment-gateway-pkg/logger/mocks/logger.go:81.27,83.3 1 0
github.com/MamangRust/monolith-payment-gateway-pkg/logger/mocks/logger.go:84.2,84.37 1 0
github.com/MamangRust/monolith-payment-gateway-pkg/logger/mocks/logger.go:88.91,92.2 3 0
github.com/MamangRust/monolith-payment-gateway-pkg/logger/mocks/logger.go:95.73,98.27 3 0
github.com/MamangRust/monolith-payment-gateway-pkg/logger/mocks/logger.go:98.27,100.3 1 0
github.com/MamangRust/monolith-payment-gateway-pkg/logger/mocks/logger.go:101.2,101.36 1 0
github.com/MamangRust/monolith-payment-gateway-pkg/logger/mocks/logger.go:105.90,109.2 3 0
github.com/MamangRust/monolith-payment-gateway-pkg/date/date.go:11.37,16.2 4 1
github.com/MamangRust/monolith-payment-gateway-pkg/kafka/kafka.go:30.71,37.16 6 0
github.com/MamangRust/monolith-payment-gateway-pkg/kafka/kafka.go:37.16,39.3 1 0
github.com/MamangRust/monolith-payment-gateway-pkg/kafka/kafka.go:41.2,47.3 2 0
github.com/MamangRust/monolith-payment-gateway-pkg/kafka/kafka.go:51.39,53.2 1 1
github.com/MamangRust/monolith-payment-gateway-pkg/kafka/kafka.go:59.75,67.16 3 2
github.com/MamangRust/monolith-payment-gateway-pkg/kafka/kafka.go:67.16,69.3 1 1
github.com/MamangRust/monolith-payment-gateway-pkg/kafka/kafka.go:71.2,72.12 2 1
github.com/MamangRust/monolith-payment-gateway-pkg/kafka/kafka.go:81.108,87.16 5 0
github.com/MamangRust/monolith-payment-gateway-pkg/kafka/kafka.go:87.16,89.3 1 0
github.com/MamangRust/monolith-payment-gateway-pkg/kafka/kafka.go:91.2,93.12 2 0
github.com/MamangRust/monolith-payment-gateway-pkg/kafka/kafka.go:93.12,96.7 3 0
github.com/MamangRust/monolith-payment-gateway-pkg/kafka/kafka.go:96.7,98.18 2 0
github.com/MamangRust/monolith-payment-gateway-pkg/kafka/kafka.go:98.18,101.30 3 0
github.com/MamangRust/monolith-payment-gateway-pkg/kafka/kafka.go:101.30,103.6 1 0
github.com/MamangRust/monolith-payment-gateway-pkg/kafka/kafka.go:104.5,105.13 2 0
github.com/MamangRust/monolith-payment-gateway-pkg/kafka/kafka.go:107.4,107.15 1 0
github.com/MamangRust/monolith-payment-gateway-pkg/kafka/kafka.go:111.2,111.12 1 0
github.com/MamangRust/monolith-payment-gateway-pkg/kafka/kafka.go:111.12,112.43 1 0
github.com/MamangRust/monolith-payment-gateway-pkg/kafka/kafka.go:112.43,114.4 1 0
github.com/MamangRust/monolith-payment-gateway-pkg/kafka/kafka.go:117.2,117.12 1 0
github.com/MamangRust/monolith-payment-gateway-pkg/kafka/kafka_mocks.go:12.87,13.18 1 2
github.com/MamangRust/monolith-payment-gateway-pkg/kafka/kafka_mocks.go:13.18,15.3 1 1
github.com/MamangRust/monolith-payment-gateway-pkg/kafka/kafka_mocks.go:16.2,17.20 2 1
github.com/MamangRust/monolith-payment-gateway-pkg/kafka/kafka_mocks.go:20.38,22.2 1 0
github.com/MamangRust/monolith-payment-gateway-pkg/logger/logger.go:44.57,47.17 2 1
github.com/MamangRust/monolith-payment-gateway-pkg/logger/logger.go:47.17,49.16 2 1
github.com/MamangRust/monolith-payment-gateway-pkg/logger/logger.go:49.16,51.4 1 1
github.com/MamangRust/monolith-payment-gateway-pkg/logger/logger.go:53.3,54.68 2 1
github.com/MamangRust/monolith-payment-gateway-pkg/logger/logger.go:54.68,56.4 1 0
github.com/MamangRust/monolith-payment-gateway-pkg/logger/logger.go:58.3,58.51 1 1
github.com/MamangRust/monolith-payment-gateway-pkg/logger/logger.go:58.51,61.4 2 0
github.com/MamangRust/monolith-payment-gateway-pkg/logger/logger.go:63.3,66.22 3 1
github.com/MamangRust/monolith-payment-gateway-pkg/logger/logger.go:66.22,69.18 3 1
github.com/MamangRust/monolith-payment-gateway-pkg/logger/logger.go:69.18,72.5 2 0
github.com/MamangRust/monolith-payment-gateway-pkg/logger/logger.go:75.3,98.21 3 1
github.com/MamangRust/monolith-payment-gateway-pkg/logger/logger.go:98.21,104.4 1 1
github.com/MamangRust/monolith-payment-gateway-pkg/logger/logger.go:106.3,107.34 2 1
github.com/MamangRust/monolith-payment-gateway-pkg/logger/logger.go:110.2,110.27 1 1
github.com/MamangRust/monolith-payment-gateway-pkg/logger/logger.go:115.60,117.2 1 2
github.com/MamangRust/monolith-payment-gateway-pkg/logger/logger.go:122.61,124.2 1 0
github.com/MamangRust/monolith-payment-gateway-pkg/logger/logger.go:128.61,130.2 1 2
github.com/MamangRust/monolith-payment-gateway-pkg/logger/logger.go:134.61,136.2 1 2
github.com/MamangRust/monolith-payment-gateway-pkg/method_topup/method.go:9.56,35.36 3 9
github.com/MamangRust/monolith-payment-gateway-pkg/method_topup/method.go:35.36,36.33 1 136
github.com/MamangRust/monolith-payment-gateway-pkg/method_topup/method.go:36.33,38.4 1 5
github.com/MamangRust/monolith-payment-gateway-pkg/method_topup/method.go:41.2,41.14 1 4
github.com/MamangRust/monolith-payment-gateway-pkg/random_string/random_string.go:14.55,16.24 2 6
github.com/MamangRust/monolith-payment-gateway-pkg/random_string/random_string.go:16.24,18.17 2 181
github.com/MamangRust/monolith-payment-gateway-pkg/random_string/random_string.go:18.17,20.4 1 0
github.com/MamangRust/monolith-payment-gateway-pkg/random_string/random_string.go:21.3,21.38 1 181
github.com/MamangRust/monolith-payment-gateway-pkg/random_string/random_string.go:23.2,23.28 1 6
github.com/MamangRust/monolith-payment-gateway-pkg/randomvcc/random.go:14.41,20.16 5 1
github.com/MamangRust/monolith-payment-gateway-pkg/randomvcc/random.go:20.16,22.3 1 0
github.com/MamangRust/monolith-payment-gateway-pkg/randomvcc/random.go:24.2,27.22 3 1
github.com/MamangRust/monolith-payment-gateway-pkg/trace_unic/trace_kode_unik.go:16.44,20.2 3 1
github.com/MamangRust/monolith-payment-gateway-pkg/rupiah/rupiah.go:12.40,15.16 2 7
github.com/MamangRust/monolith-payment-gateway-pkg/rupiah/rupiah.go:15.16,17.3 1 2
github.com/MamangRust/monolith-payment-gateway-pkg/rupiah/rupiah.go:19.2,20.18 2 5
github.com/MamangRust/monolith-payment-gateway-pkg/otel/otel.go:25.81,31.2 1 0
github.com/MamangRust/monolith-payment-gateway-pkg/otel/otel.go:45.99,47.2 1 0
github.com/MamangRust/monolith-payment-gateway-pkg/otel/otel.go:62.136,64.16 2 1
github.com/MamangRust/monolith-payment-gateway-pkg/otel/otel.go:64.16,66.3 1 0
github.com/MamangRust/monolith-payment-gateway-pkg/otel/otel.go:68.2,76.16 2 1
github.com/MamangRust/monolith-payment-gateway-pkg/otel/otel.go:76.16,78.3 1 0
github.com/MamangRust/monolith-payment-gateway-pkg/otel/otel.go:80.2,92.25 4 1
github.com/MamangRust/monolith-payment-gateway-pkg/hash/hash.go:25.40,27.2 1 3
github.com/MamangRust/monolith-payment-gateway-pkg/hash/hash.go:39.64,42.16 3 3
github.com/MamangRust/monolith-payment-gateway-pkg/hash/hash.go:42.16,44.3 1 0
github.com/MamangRust/monolith-payment-gateway-pkg/hash/hash.go:45.2,45.30 1 3
github.com/MamangRust/monolith-payment-gateway-pkg/hash/hash.go:57.78,59.2 1 2
